#
# A fatal error has been detected by the Java Runtime Environment:
#
#  SIGSEGV (0xb) at pc=0x00007f041aede0ad, pid=5118, tid=5134
#
# JRE version: OpenJDK Runtime Environment (11.0.11+9) (build 11.0.11+9-Ubuntu-0ubuntu2.20.04)
# Java VM: OpenJDK 64-Bit Server VM (11.0.11+9-Ubuntu-0ubuntu2.20.04, mixed mode, sharing, tiered, compressed oops, g1 gc, linux-amd64)
# Problematic frame:
# C  [libjimage.so+0x30ad]
#
# Core dump will be written. Default location: Core dumps may be processed with "/lib/systemd/systemd-coredump %P %u %g %s %t 9223372036854775808 %h" (or dumping to /home/user/Área de Trabalho/TOOLKIT MANDACARU/aula_springboot/core.5118)
#
# If you would like to submit a bug report, please visit:
#   https://bugs.launchpad.net/ubuntu/+source/openjdk-lts
#

---------------  S U M M A R Y ------------

Command Line: -agentlib:jdwp=transport=dt_socket,suspend=y,address=localhost:36661 -javaagent:/home/user/eclipse/jee-2022-06/eclipse/configuration/org.eclipse.osgi/401/0/.cp/lib/javaagent-shaded.jar -Dfile.encoding=UTF-8 br.ufc.mandacaru.aula.MandacaruApplicattion

Host: Intel(R) Core(TM) i3-4005U CPU @ 1.70GHz, 4 cores, 3G, Linux Mint 20.3 Una
Time: Thu Sep  1 16:35:38 2022 -05 elapsed time: 2439.691042 seconds (0d 0h 40m 39s)

---------------  T H R E A D  ---------------

Current thread (0x00007f0414132800):  JavaThread "Signal Dispatcher" daemon [_thread_in_vm, id=5134, stack(0x00007f03ed08d000,0x00007f03ed18e000)]

Stack: [0x00007f03ed08d000,0x00007f03ed18e000],  sp=0x00007f03ed18b1f0,  free space=1016k
Native frames: (J=compiled Java code, A=aot compiled Java code, j=interpreted, Vv=VM code, C=native code)
C  [libjimage.so+0x30ad]
C  [libjimage.so+0x3da2]
C  [libjimage.so+0x4291]  JIMAGE_FindResource+0xf1
V  [libjvm.so+0x5b0731]
V  [libjvm.so+0x5b2ee1]
V  [libjvm.so+0xdea23d]
V  [libjvm.so+0xde8dca]
V  [libjvm.so+0xdeb38b]
V  [libjvm.so+0x6624ce]
V  [libjvm.so+0x850e76]
j  jdk.internal.misc.Signal.dispatch(I)V+25 java.base@11.0.11
v  ~StubRoutines::call_stub
V  [libjvm.so+0x859b69]
V  [libjvm.so+0x858b82]
V  [libjvm.so+0xbc8b4e]
V  [libjvm.so+0xe2105f]
V  [libjvm.so+0xe1d690]
V  [libjvm.so+0xbdac76]

Java frames: (J=compiled Java code, j=interpreted, Vv=VM code)
j  jdk.internal.misc.Signal.dispatch(I)V+25 java.base@11.0.11
v  ~StubRoutines::call_stub

siginfo: si_signo: 11 (SIGSEGV), si_code: 1 (SEGV_MAPERR), si_addr: 0x00007f040b87e8e0

Register to memory mapping:

RAX=0x0000000000001a31 is an unknown value
RBX=0x00007f03ed18b2a1 is pointing into the stack for thread: 0x00007f0414132800
RCX=0x00007f03ed18b2c3 is pointing into the stack for thread: 0x00007f0414132800
RDX=0x0000000000001a31 is an unknown value
RSP=0x00007f03ed18b1f0 is pointing into the stack for thread: 0x00007f0414132800
RBP=0x00007f03ed18b210 is pointing into the stack for thread: 0x00007f0414132800
RSI=0x0 is NULL
RDI=0x00007f041aee3030: <offset 0x0000000000008030> in /usr/lib/jvm/java-11-openjdk-amd64/lib/libjimage.so at 0x00007f041aedb000
R8 =0x00007f040b87801c is an unknown value
R9 =0x00007f03ed18c0b0 is pointing into the stack for thread: 0x00007f0414132800
R10=0x00007f041c2ae460: <offset 0x0000000000f45460> in /usr/lib/jvm/java-11-openjdk-amd64/lib/server/libjvm.so at 0x00007f041b369000
R11=0x00007f03ed18c418 is pointing into the stack for thread: 0x00007f0414132800
R12=0x000000000000843b is an unknown value
R13=0x00007f03ed18b2a0 is pointing into the stack for thread: 0x00007f0414132800
R14=0x0 is NULL
R15=0x00007f0414133260 points into unknown readable memory: 0x65746e692f6b646a | 6a 64 6b 2f 69 6e 74 65


Registers:
RAX=0x0000000000001a31, RBX=0x00007f03ed18b2a1, RCX=0x00007f03ed18b2c3, RDX=0x0000000000001a31
RSP=0x00007f03ed18b1f0, RBP=0x00007f03ed18b210, RSI=0x0000000000000000, RDI=0x00007f041aee3030
R8 =0x00007f040b87801c, R9 =0x00007f03ed18c0b0, R10=0x00007f041c2ae460, R11=0x00007f03ed18c418
R12=0x000000000000843b, R13=0x00007f03ed18b2a0, R14=0x0000000000000000, R15=0x00007f0414133260
RIP=0x00007f041aede0ad, EFLAGS=0x0000000000010246, CSGSFS=0x002b000000000033, ERR=0x0000000000000004
  TRAPNO=0x000000000000000e

Top of Stack: (sp=0x00007f03ed18b1f0)
0x00007f03ed18b1f0:   0000000000000000 00007f03ed18c338
0x00007f03ed18b200:   00007f04140099e0 00007f03ed18b2a0
0x00007f03ed18b210:   00007f03ed18b280 00007f041aededa2
0x00007f03ed18b220:   0000000000000000 0000000000000000 

Instructions: (pc=0x00007f041aede0ad)
0x00007f041aeddfad:   f3 ff ff 44 03 65 90 e9 3f fe ff ff 0f 1f 80 00
0x00007f041aeddfbd:   00 00 00 41 8b 10 41 89 55 00 41 8b 54 00 fc 41
0x00007f041aeddfcd:   89 54 05 fc e9 82 fc ff ff 66 2e 0f 1f 84 00 00
0x00007f041aeddfdd:   00 00 00 b9 0a 00 00 00 e9 f0 fc ff ff 41 0f b7
0x00007f041aeddfed:   54 00 fe 66 41 89 54 05 fe e9 5d fc ff ff 0f 1f
0x00007f041aeddffd:   44 00 00 f3 0f 1e fa 0f b6 17 89 f0 89 f1 4c 8d
0x00007f041aede00d:   47 01 84 d2 74 1c 0f 1f 44 00 00 69 c9 93 01 00
0x00007f041aede01d:   01 49 83 c0 01 31 d1 41 0f b6 50 ff 84 d2 75 eb
0x00007f041aede02d:   89 c8 25 ff ff ff 7f c3 90 66 2e 0f 1f 84 00 00
0x00007f041aede03d:   00 00 00 f3 0f 1e fa 48 85 d2 0f 84 da 00 00 00
0x00007f041aede04d:   55 48 89 e5 41 55 41 54 41 89 cc 53 48 83 ec 08
0x00007f041aede05d:   85 c9 0f 84 ba 00 00 00 49 89 f5 48 8d 5e 01 0f
0x00007f041aede06d:   b6 36 49 89 d0 40 84 f6 0f 84 9d 00 00 00 48 89
0x00007f041aede07d:   d9 b8 93 01 00 01 0f 1f 44 00 00 69 d0 93 01 00
0x00007f041aede08d:   01 48 83 c1 01 40 0f b6 c6 0f b6 71 ff 31 d0 40
0x00007f041aede09d:   84 f6 75 e7 25 ff ff ff 7f 31 d2 41 f7 f4 89 d0
0x00007f041aede0ad:   41 8b 34 80 48 8b 07 ff 50 20 85 c0 7f 15 74 62
0x00007f041aede0bd:   f7 d0 41 89 c0 48 83 c4 08 44 89 c0 5b 41 5c 41
0x00007f041aede0cd:   5d 5d c3 41 0f b6 4d 00 89 c6 84 c9 74 1b 0f 1f
0x00007f041aede0dd:   44 00 00 69 f6 93 01 00 01 48 83 c3 01 31 ce 0f
0x00007f041aede0ed:   b6 4b ff 84 c9 75 ec 89 f0 25 ff ff ff 7f 31 d2
0x00007f041aede0fd:   48 83 c4 08 41 f7 f4 5b 41 5c 41 5d 5d 41 89 d0
0x00007f041aede10d:   44 89 c0 c3 0f 1f 80 00 00 00 00 b8 93 01 00 01
0x00007f041aede11d:   eb 87 41 b8 ff ff ff ff eb 9b 41 83 c8 ff 44 89
0x00007f041aede12d:   c0 c3 90 f3 0f 1e fa eb 1d 66 2e 0f 1f 84 00 00
0x00007f041aede13d:   00 00 00 0f b6 16 84 d2 74 13 38 c2 75 15 48 83
0x00007f041aede14d:   c7 01 48 83 c6 01 0f b6 07 84 c0 75 e6 48 89 f8
0x00007f041aede15d:   c3 66 90 31 c0 c3 90 66 66 2e 0f 1f 84 00 00 00
0x00007f041aede16d:   00 00 90 f3 0f 1e fa 48 85 f6 74 51 0f b6 06 84
0x00007f041aede17d:   c0 74 4a 0f b6 d0 83 e0 07 c1 fa 03 44 8d 50 01
0x00007f041aede18d:   0f b6 c0 41 89 d1 4c 8d 44 06 02 48 8d 56 01 31
0x00007f041aede19d:   c0 66 90 0f b6 0a 48 c1 e0 08 48 83 c2 01 48 09 


Stack slot to memory mapping:
stack at sp + 0 slots: 0x0 is NULL
stack at sp + 1 slots: 0x00007f03ed18c338 is pointing into the stack for thread: 0x00007f0414132800
stack at sp + 2 slots: 0x00007f04140099e0 points into unknown readable memory: 0x00007f03b8006c70 | 70 6c 00 b8 03 7f 00 00
stack at sp + 3 slots: 0x00007f03ed18b2a0 is pointing into the stack for thread: 0x00007f0414132800
stack at sp + 4 slots: 0x00007f03ed18b280 is pointing into the stack for thread: 0x00007f0414132800
stack at sp + 5 slots: 0x00007f041aededa2: <offset 0x0000000000003da2> in /usr/lib/jvm/java-11-openjdk-amd64/lib/libjimage.so at 0x00007f041aedb000
stack at sp + 6 slots: 0x0 is NULL
stack at sp + 7 slots: 0x0 is NULL


---------------  P R O C E S S  ---------------

Threads class SMR info:
_java_thread_list=0x00007f03b0002610, length=17, elements={
0x00007f041401b000, 0x00007f041412b000, 0x00007f041412d000, 0x00007f0414132800,
0x00007f0414134800, 0x00007f0414136800, 0x00007f0414139000, 0x00007f041413b000,
0x00007f0414181000, 0x00007f04141cd000, 0x00007f04141d9000, 0x00007f0414969000,
0x00007f03ac007000, 0x00007f03a1084800, 0x00007f03a1086800, 0x00007f03a1089800,
0x00007f03a1675000
}

Java Threads: ( => current thread )
  0x00007f041401b000 JavaThread "main" [_thread_blocked, id=5124, stack(0x00007f041af1c000,0x00007f041b01d000)]
  0x00007f041412b000 JavaThread "Reference Handler" daemon [_thread_blocked, id=5132, stack(0x00007f03fc0ed000,0x00007f03fc1ee000)]
  0x00007f041412d000 JavaThread "Finalizer" daemon [_thread_blocked, id=5133, stack(0x00007f03ed6ff000,0x00007f03ed800000)]
=>0x00007f0414132800 JavaThread "Signal Dispatcher" daemon [_thread_in_vm, id=5134, stack(0x00007f03ed08d000,0x00007f03ed18e000)]
  0x00007f0414134800 JavaThread "Service Thread" daemon [_thread_blocked, id=5135, stack(0x00007f03ecf8c000,0x00007f03ed08d000)]
  0x00007f0414136800 JavaThread "C2 CompilerThread0" daemon [_thread_blocked, id=5136, stack(0x00007f03ece8b000,0x00007f03ecf8c000)]
  0x00007f0414139000 JavaThread "C1 CompilerThread0" daemon [_thread_blocked, id=5137, stack(0x00007f03ecd8a000,0x00007f03ece8b000)]
  0x00007f041413b000 JavaThread "Sweeper thread" daemon [_thread_blocked, id=5138, stack(0x00007f03ecc89000,0x00007f03ecd8a000)]
  0x00007f0414181000 JavaThread "Common-Cleaner" daemon [_thread_blocked, id=5139, stack(0x00007f03ecb88000,0x00007f03ecc89000)]
  0x00007f04141cd000 JavaThread "JDWP Transport Listener: dt_socket" daemon [_thread_in_native, id=5141, stack(0x00007f03eca87000,0x00007f03ecb88000)]
  0x00007f04141d9000 JavaThread "JDWP Event Helper Thread" daemon [_thread_blocked, id=5142, stack(0x00007f03ec986000,0x00007f03eca87000)]
  0x00007f0414969000 JavaThread "Thread-0" [_thread_blocked, id=5152, stack(0x00007f03ec580000,0x00007f03ec681000)]
  0x00007f03ac007000 JavaThread "restartedMain" [_thread_blocked, id=5153, stack(0x00007f03ec47f000,0x00007f03ec580000)]
  0x00007f03a1084800 JavaThread "Catalina-utility-1" [_thread_blocked, id=5183, stack(0x00007f039fa23000,0x00007f039fb24000)]
  0x00007f03a1086800 JavaThread "Catalina-utility-2" [_thread_blocked, id=5184, stack(0x00007f039e922000,0x00007f039ea23000)]
  0x00007f03a1089800 JavaThread "container-0" [_thread_blocked, id=5185, stack(0x00007f039e821000,0x00007f039e922000)]
  0x00007f03a1675000 JavaThread "HikariPool-1 housekeeper" daemon [_thread_blocked, id=5188, stack(0x00007f039dd20000,0x00007f039de21000)]

Other Threads:
  0x00007f0414128000 VMThread "VM Thread" [stack: 0x00007f03fc1f0000,0x00007f03fc2f0000] [id=5131]
  0x00007f0414789800 WatcherThread [stack: 0x00007f03ec683000,0x00007f03ec783000] [id=5148]
  0x00007f0414032000 GCTaskThread "GC Thread#0" [stack: 0x00007f041ab85000,0x00007f041ac85000] [id=5126]
  0x00007f03e4001000 GCTaskThread "GC Thread#1" [stack: 0x00007f03ec785000,0x00007f03ec885000] [id=5147]
  0x00007f03e4004000 GCTaskThread "GC Thread#2" [stack: 0x00007f03ec37f000,0x00007f03ec47f000] [id=5155]
  0x00007f03e4005000 GCTaskThread "GC Thread#3" [stack: 0x00007f03ec27d000,0x00007f03ec37d000] [id=5156]
  0x00007f041404d000 ConcurrentGCThread "G1 Main Marker" [stack: 0x00007f0418298000,0x00007f0418398000] [id=5127]
  0x00007f041404f000 ConcurrentGCThread "G1 Conc#0" [stack: 0x00007f0418196000,0x00007f0418296000] [id=5128]
  0x00007f0414092800 ConcurrentGCThread "G1 Refine#0" [stack: 0x00007f03fc475000,0x00007f03fc575000] [id=5129]
  0x00007f0414094800 ConcurrentGCThread "G1 Young RemSet Sampling" [stack: 0x00007f03fc373000,0x00007f03fc473000] [id=5130]

Threads with active compile tasks:

VM state:not at safepoint (normal execution)

VM Mutex/Monitor currently owned by a thread: None

Heap address: 0x00000000c3c00000, size: 964 MB, Compressed Oops mode: 32-bit
Narrow klass base: 0x0000000800000000, Narrow klass shift: 3
Compressed class space size: 1073741824 Address: 0x0000000840000000

Heap:
 garbage-first heap   total 103424K, used 41285K [0x00000000c3c00000, 0x0000000100000000)
  region size 1024K, 10 young (10240K), 5 survivors (5120K)
 Metaspace       used 65937K, capacity 67662K, committed 68124K, reserved 1107968K
  class space    used 8584K, capacity 9257K, committed 9368K, reserved 1048576K
Heap Regions: E=young(eden), S=young(survivor), O=old, HS=humongous(starts), HC=humongous(continues), CS=collection set, F=free, A=archive, TAMS=top-at-mark-start (previous, next)
|   0|0x00000000c3c00000, 0x00000000c3d00000, 0x00000000c3d00000|100%|HS|  |TAMS 0x00000000c3d00000, 0x00000000c3c00000| Complete 
|   1|0x00000000c3d00000, 0x00000000c3e00000, 0x00000000c3e00000|100%| O|  |TAMS 0x00000000c3e00000, 0x00000000c3d00000| Untracked 
|   2|0x00000000c3e00000, 0x00000000c3f00000, 0x00000000c3f00000|100%| O|  |TAMS 0x00000000c3f00000, 0x00000000c3e00000| Untracked 
|   3|0x00000000c3f00000, 0x00000000c4000000, 0x00000000c4000000|100%| O|  |TAMS 0x00000000c4000000, 0x00000000c3f00000| Untracked 
|   4|0x00000000c4000000, 0x00000000c4100000, 0x00000000c4100000|100%| O|  |TAMS 0x00000000c4100000, 0x00000000c4000000| Untracked 
|   5|0x00000000c4100000, 0x00000000c4200000, 0x00000000c4200000|100%| O|  |TAMS 0x00000000c4200000, 0x00000000c4100000| Untracked 
|   6|0x00000000c4200000, 0x00000000c4300000, 0x00000000c4300000|100%| O|  |TAMS 0x00000000c4300000, 0x00000000c4200000| Untracked 
|   7|0x00000000c4300000, 0x00000000c4400000, 0x00000000c4400000|100%| O|  |TAMS 0x00000000c4400000, 0x00000000c4300000| Untracked 
|   8|0x00000000c4400000, 0x00000000c4500000, 0x00000000c4500000|100%| O|  |TAMS 0x00000000c4500000, 0x00000000c4400000| Untracked 
|   9|0x00000000c4500000, 0x00000000c4600000, 0x00000000c4600000|100%| O|  |TAMS 0x00000000c4600000, 0x00000000c4500000| Untracked 
|  10|0x00000000c4600000, 0x00000000c4700000, 0x00000000c4700000|100%| O|  |TAMS 0x00000000c4700000, 0x00000000c4600000| Untracked 
|  11|0x00000000c4700000, 0x00000000c4800000, 0x00000000c4800000|100%| O|  |TAMS 0x00000000c4800000, 0x00000000c4700000| Untracked 
|  12|0x00000000c4800000, 0x00000000c4900000, 0x00000000c4900000|100%| O|  |TAMS 0x00000000c4900000, 0x00000000c4800000| Untracked 
|  13|0x00000000c4900000, 0x00000000c4a00000, 0x00000000c4a00000|100%| O|  |TAMS 0x00000000c4a00000, 0x00000000c4900000| Untracked 
|  14|0x00000000c4a00000, 0x00000000c4b00000, 0x00000000c4b00000|100%| O|  |TAMS 0x00000000c4b00000, 0x00000000c4a00000| Untracked 
|  15|0x00000000c4b00000, 0x00000000c4c00000, 0x00000000c4c00000|100%| O|  |TAMS 0x00000000c4c00000, 0x00000000c4b00000| Untracked 
|  16|0x00000000c4c00000, 0x00000000c4d00000, 0x00000000c4d00000|100%| O|  |TAMS 0x00000000c4d00000, 0x00000000c4c00000| Untracked 
|  17|0x00000000c4d00000, 0x00000000c4e00000, 0x00000000c4e00000|100%| O|  |TAMS 0x00000000c4e00000, 0x00000000c4d00000| Untracked 
|  18|0x00000000c4e00000, 0x00000000c4f00000, 0x00000000c4f00000|100%| O|  |TAMS 0x00000000c4f00000, 0x00000000c4e00000| Untracked 
|  19|0x00000000c4f00000, 0x00000000c5000000, 0x00000000c5000000|100%| O|  |TAMS 0x00000000c5000000, 0x00000000c4f00000| Untracked 
|  20|0x00000000c5000000, 0x00000000c5100000, 0x00000000c5100000|100%| O|  |TAMS 0x00000000c5100000, 0x00000000c5000000| Untracked 
|  21|0x00000000c5100000, 0x00000000c5200000, 0x00000000c5200000|100%| O|  |TAMS 0x00000000c5200000, 0x00000000c5100000| Untracked 
|  22|0x00000000c5200000, 0x00000000c5300000, 0x00000000c5300000|100%| O|  |TAMS 0x00000000c5300000, 0x00000000c5200000| Untracked 
|  23|0x00000000c5300000, 0x00000000c5400000, 0x00000000c5400000|100%| O|  |TAMS 0x00000000c5400000, 0x00000000c5300000| Untracked 
|  24|0x00000000c5400000, 0x00000000c5500000, 0x00000000c5500000|100%| O|  |TAMS 0x00000000c5500000, 0x00000000c5400000| Untracked 
|  25|0x00000000c5500000, 0x00000000c5600000, 0x00000000c5600000|100%| O|  |TAMS 0x00000000c5600000, 0x00000000c5500000| Untracked 
|  26|0x00000000c5600000, 0x00000000c5700000, 0x00000000c5700000|100%| O|  |TAMS 0x00000000c5700000, 0x00000000c5600000| Untracked 
|  27|0x00000000c5700000, 0x00000000c5800000, 0x00000000c5800000|100%| O|  |TAMS 0x00000000c57b2800, 0x00000000c5700000| Untracked 
|  28|0x00000000c5800000, 0x00000000c5900000, 0x00000000c5900000|100%| O|  |TAMS 0x00000000c5800000, 0x00000000c5800000| Untracked 
|  29|0x00000000c5900000, 0x00000000c5a00000, 0x00000000c5a00000|100%| O|  |TAMS 0x00000000c5900000, 0x00000000c5900000| Untracked 
|  30|0x00000000c5a00000, 0x00000000c5b00000, 0x00000000c5b00000|100%| O|  |TAMS 0x00000000c5a00000, 0x00000000c5a00000| Untracked 
|  31|0x00000000c5b00000, 0x00000000c5b43200, 0x00000000c5c00000| 26%| O|  |TAMS 0x00000000c5b00000, 0x00000000c5b00000| Untracked 
|  32|0x00000000c5c00000, 0x00000000c5c00000, 0x00000000c5d00000|  0%| F|  |TAMS 0x00000000c5c00000, 0x00000000c5c00000| Untracked 
|  33|0x00000000c5d00000, 0x00000000c5d00000, 0x00000000c5e00000|  0%| F|  |TAMS 0x00000000c5d00000, 0x00000000c5d00000| Untracked 
|  34|0x00000000c5e00000, 0x00000000c5e00000, 0x00000000c5f00000|  0%| F|  |TAMS 0x00000000c5e00000, 0x00000000c5e00000| Untracked 
|  35|0x00000000c5f00000, 0x00000000c5f00000, 0x00000000c6000000|  0%| F|  |TAMS 0x00000000c5f00000, 0x00000000c5f00000| Untracked 
|  36|0x00000000c6000000, 0x00000000c6000000, 0x00000000c6100000|  0%| F|  |TAMS 0x00000000c6000000, 0x00000000c6000000| Untracked 
|  37|0x00000000c6100000, 0x00000000c6100000, 0x00000000c6200000|  0%| F|  |TAMS 0x00000000c6100000, 0x00000000c6100000| Untracked 
|  38|0x00000000c6200000, 0x00000000c6200000, 0x00000000c6300000|  0%| F|  |TAMS 0x00000000c6200000, 0x00000000c6200000| Untracked 
|  39|0x00000000c6300000, 0x00000000c6300000, 0x00000000c6400000|  0%| F|  |TAMS 0x00000000c6300000, 0x00000000c6300000| Untracked 
|  40|0x00000000c6400000, 0x00000000c6400000, 0x00000000c6500000|  0%| F|  |TAMS 0x00000000c6400000, 0x00000000c6400000| Untracked 
|  41|0x00000000c6500000, 0x00000000c6500000, 0x00000000c6600000|  0%| F|  |TAMS 0x00000000c6500000, 0x00000000c6500000| Untracked 
|  42|0x00000000c6600000, 0x00000000c6600000, 0x00000000c6700000|  0%| F|  |TAMS 0x00000000c6600000, 0x00000000c6600000| Untracked 
|  43|0x00000000c6700000, 0x00000000c6700000, 0x00000000c6800000|  0%| F|  |TAMS 0x00000000c6700000, 0x00000000c6700000| Untracked 
|  44|0x00000000c6800000, 0x00000000c6800000, 0x00000000c6900000|  0%| F|  |TAMS 0x00000000c6800000, 0x00000000c6800000| Untracked 
|  45|0x00000000c6900000, 0x00000000c695c490, 0x00000000c6a00000| 36%| S|CS|TAMS 0x00000000c6900000, 0x00000000c6900000| Complete 
|  46|0x00000000c6a00000, 0x00000000c6b00000, 0x00000000c6b00000|100%| S|CS|TAMS 0x00000000c6a00000, 0x00000000c6a00000| Complete 
|  47|0x00000000c6b00000, 0x00000000c6b00000, 0x00000000c6c00000|  0%| F|  |TAMS 0x00000000c6b00000, 0x00000000c6b00000| Untracked 
|  48|0x00000000c6c00000, 0x00000000c6c00000, 0x00000000c6d00000|  0%| F|  |TAMS 0x00000000c6c00000, 0x00000000c6c00000| Untracked 
|  49|0x00000000c6d00000, 0x00000000c6d00000, 0x00000000c6e00000|  0%| F|  |TAMS 0x00000000c6d00000, 0x00000000c6d00000| Untracked 
|  50|0x00000000c6e00000, 0x00000000c6e00000, 0x00000000c6f00000|  0%| F|  |TAMS 0x00000000c6e00000, 0x00000000c6e00000| Untracked 
|  51|0x00000000c6f00000, 0x00000000c7000000, 0x00000000c7000000|100%| S|CS|TAMS 0x00000000c6f00000, 0x00000000c6f00000| Complete 
|  52|0x00000000c7000000, 0x00000000c7100000, 0x00000000c7100000|100%| S|CS|TAMS 0x00000000c7000000, 0x00000000c7000000| Complete 
|  53|0x00000000c7100000, 0x00000000c7200000, 0x00000000c7200000|100%| S|CS|TAMS 0x00000000c7100000, 0x00000000c7100000| Complete 
|  54|0x00000000c7200000, 0x00000000c7200000, 0x00000000c7300000|  0%| F|  |TAMS 0x00000000c7200000, 0x00000000c7200000| Untracked 
|  55|0x00000000c7300000, 0x00000000c7300000, 0x00000000c7400000|  0%| F|  |TAMS 0x00000000c7300000, 0x00000000c7300000| Untracked 
|  56|0x00000000c7400000, 0x00000000c7400000, 0x00000000c7500000|  0%| F|  |TAMS 0x00000000c7400000, 0x00000000c7400000| Untracked 
|  57|0x00000000c7500000, 0x00000000c7500000, 0x00000000c7600000|  0%| F|  |TAMS 0x00000000c7500000, 0x00000000c7500000| Untracked 
|  58|0x00000000c7600000, 0x00000000c7600000, 0x00000000c7700000|  0%| F|  |TAMS 0x00000000c7600000, 0x00000000c7600000| Untracked 
|  59|0x00000000c7700000, 0x00000000c7700000, 0x00000000c7800000|  0%| F|  |TAMS 0x00000000c7700000, 0x00000000c7700000| Untracked 
|  60|0x00000000c7800000, 0x00000000c7800000, 0x00000000c7900000|  0%| F|  |TAMS 0x00000000c7800000, 0x00000000c7800000| Untracked 
|  61|0x00000000c7900000, 0x00000000c7900000, 0x00000000c7a00000|  0%| F|  |TAMS 0x00000000c7900000, 0x00000000c7900000| Untracked 
|  62|0x00000000c7a00000, 0x00000000c7a00000, 0x00000000c7b00000|  0%| F|  |TAMS 0x00000000c7a00000, 0x00000000c7a00000| Untracked 
|  63|0x00000000c7b00000, 0x00000000c7b00000, 0x00000000c7c00000|  0%| F|  |TAMS 0x00000000c7b00000, 0x00000000c7b00000| Untracked 
|  64|0x00000000c7c00000, 0x00000000c7c00000, 0x00000000c7d00000|  0%| F|  |TAMS 0x00000000c7c00000, 0x00000000c7c00000| Untracked 
|  65|0x00000000c7d00000, 0x00000000c7d00000, 0x00000000c7e00000|  0%| F|  |TAMS 0x00000000c7d00000, 0x00000000c7d00000| Untracked 
|  66|0x00000000c7e00000, 0x00000000c7e00000, 0x00000000c7f00000|  0%| F|  |TAMS 0x00000000c7e00000, 0x00000000c7e00000| Untracked 
|  67|0x00000000c7f00000, 0x00000000c7f00000, 0x00000000c8000000|  0%| F|  |TAMS 0x00000000c7f00000, 0x00000000c7f00000| Untracked 
|  68|0x00000000c8000000, 0x00000000c8000000, 0x00000000c8100000|  0%| F|  |TAMS 0x00000000c8000000, 0x00000000c8000000| Untracked 
|  69|0x00000000c8100000, 0x00000000c8100000, 0x00000000c8200000|  0%| F|  |TAMS 0x00000000c8100000, 0x00000000c8100000| Untracked 
|  70|0x00000000c8200000, 0x00000000c8200000, 0x00000000c8300000|  0%| F|  |TAMS 0x00000000c8200000, 0x00000000c8200000| Untracked 
|  71|0x00000000c8300000, 0x00000000c8300000, 0x00000000c8400000|  0%| F|  |TAMS 0x00000000c8300000, 0x00000000c8300000| Untracked 
|  72|0x00000000c8400000, 0x00000000c8400000, 0x00000000c8500000|  0%| F|  |TAMS 0x00000000c8400000, 0x00000000c8400000| Untracked 
|  73|0x00000000c8500000, 0x00000000c8500000, 0x00000000c8600000|  0%| F|  |TAMS 0x00000000c8500000, 0x00000000c8500000| Untracked 
|  74|0x00000000c8600000, 0x00000000c8600000, 0x00000000c8700000|  0%| F|  |TAMS 0x00000000c8600000, 0x00000000c8600000| Untracked 
|  75|0x00000000c8700000, 0x00000000c8700000, 0x00000000c8800000|  0%| F|  |TAMS 0x00000000c8700000, 0x00000000c8700000| Untracked 
|  76|0x00000000c8800000, 0x00000000c8800000, 0x00000000c8900000|  0%| F|  |TAMS 0x00000000c8800000, 0x00000000c8800000| Untracked 
|  77|0x00000000c8900000, 0x00000000c8900000, 0x00000000c8a00000|  0%| F|  |TAMS 0x00000000c8900000, 0x00000000c8900000| Untracked 
|  78|0x00000000c8a00000, 0x00000000c8a00000, 0x00000000c8b00000|  0%| F|  |TAMS 0x00000000c8a00000, 0x00000000c8a00000| Untracked 
|  79|0x00000000c8b00000, 0x00000000c8b00000, 0x00000000c8c00000|  0%| F|  |TAMS 0x00000000c8b00000, 0x00000000c8b00000| Untracked 
|  80|0x00000000c8c00000, 0x00000000c8c00000, 0x00000000c8d00000|  0%| F|  |TAMS 0x00000000c8c00000, 0x00000000c8c00000| Untracked 
|  81|0x00000000c8d00000, 0x00000000c8d00000, 0x00000000c8e00000|  0%| F|  |TAMS 0x00000000c8d00000, 0x00000000c8d00000| Untracked 
|  82|0x00000000c8e00000, 0x00000000c8e00000, 0x00000000c8f00000|  0%| F|  |TAMS 0x00000000c8e00000, 0x00000000c8e00000| Untracked 
|  83|0x00000000c8f00000, 0x00000000c8f00000, 0x00000000c9000000|  0%| F|  |TAMS 0x00000000c8f00000, 0x00000000c8f00000| Untracked 
|  84|0x00000000c9000000, 0x00000000c9000000, 0x00000000c9100000|  0%| F|  |TAMS 0x00000000c9000000, 0x00000000c9000000| Untracked 
|  85|0x00000000c9100000, 0x00000000c9100000, 0x00000000c9200000|  0%| F|  |TAMS 0x00000000c9100000, 0x00000000c9100000| Untracked 
|  86|0x00000000c9200000, 0x00000000c9200000, 0x00000000c9300000|  0%| F|  |TAMS 0x00000000c9200000, 0x00000000c9200000| Untracked 
|  87|0x00000000c9300000, 0x00000000c9300000, 0x00000000c9400000|  0%| F|  |TAMS 0x00000000c9300000, 0x00000000c9300000| Untracked 
|  88|0x00000000c9400000, 0x00000000c9400000, 0x00000000c9500000|  0%| F|  |TAMS 0x00000000c9400000, 0x00000000c9400000| Untracked 
|  89|0x00000000c9500000, 0x00000000c9500000, 0x00000000c9600000|  0%| F|  |TAMS 0x00000000c9500000, 0x00000000c9500000| Untracked 
|  90|0x00000000c9600000, 0x00000000c9600000, 0x00000000c9700000|  0%| F|  |TAMS 0x00000000c9600000, 0x00000000c9600000| Untracked 
|  91|0x00000000c9700000, 0x00000000c9700000, 0x00000000c9800000|  0%| F|  |TAMS 0x00000000c9700000, 0x00000000c9700000| Untracked 
|  92|0x00000000c9800000, 0x00000000c9800000, 0x00000000c9900000|  0%| F|  |TAMS 0x00000000c9800000, 0x00000000c9800000| Untracked 
|  93|0x00000000c9900000, 0x00000000c9900000, 0x00000000c9a00000|  0%| F|  |TAMS 0x00000000c9900000, 0x00000000c9900000| Untracked 
|  94|0x00000000c9a00000, 0x00000000c9a49b88, 0x00000000c9b00000| 28%| E|  |TAMS 0x00000000c9a00000, 0x00000000c9a00000| Complete 
|  95|0x00000000c9b00000, 0x00000000c9c00000, 0x00000000c9c00000|100%| E|CS|TAMS 0x00000000c9b00000, 0x00000000c9b00000| Complete 
|  96|0x00000000c9c00000, 0x00000000c9d00000, 0x00000000c9d00000|100%| E|CS|TAMS 0x00000000c9c00000, 0x00000000c9c00000| Complete 
|  97|0x00000000c9d00000, 0x00000000c9e00000, 0x00000000c9e00000|100%| E|CS|TAMS 0x00000000c9d00000, 0x00000000c9d00000| Complete 
|  98|0x00000000c9e00000, 0x00000000c9f00000, 0x00000000c9f00000|100%| E|CS|TAMS 0x00000000c9e00000, 0x00000000c9e00000| Complete 
| 962|0x00000000ffe00000, 0x00000000ffe47000, 0x00000000fff00000| 27%|OA|  |TAMS 0x00000000ffe47000, 0x00000000ffe00000| Untracked 
| 963|0x00000000fff00000, 0x00000000fff6b000, 0x0000000100000000| 41%|CA|  |TAMS 0x00000000fff6b000, 0x00000000fff00000| Untracked 

Card table byte_map: [0x00007f041a3bb000,0x00007f041a59d000] _byte_map_base: 0x00007f0419d9d000

Marking Bits (Prev, Next): (CMBitMap*) 0x00007f0414048660, (CMBitMap*) 0x00007f0414048628
 Prev Bits: [0x00007f04183b9000, 0x00007f04192c9000)
 Next Bits: [0x00007f04192c9000, 0x00007f041a1d9000)

Polling page: 0x00007f041aed9000

Metaspace:

Usage:
  Non-class:     57,04 MB capacity,    56,01 MB ( 98%) used,   834,61 KB (  1%) free+waste,   217,75 KB ( <1%) overhead. 
      Class:      9,04 MB capacity,     8,38 MB ( 93%) used,   571,83 KB (  6%) free+waste,   100,19 KB (  1%) overhead. 
       Both:     66,08 MB capacity,    64,39 MB ( 97%) used,     1,37 MB (  2%) free+waste,   317,94 KB ( <1%) overhead. 

Virtual space:
  Non-class space:       58,00 MB reserved,      57,38 MB ( 99%) committed 
      Class space:        1,00 GB reserved,       9,15 MB ( <1%) committed 
             Both:        1,06 GB reserved,      66,53 MB (  6%) committed 

Chunk freelists:
   Non-Class:  99,00 KB
       Class:  23,00 KB
        Both:  122,00 KB

MaxMetaspaceSize: unlimited
CompressedClassSpaceSize: 1,00 GB

CodeHeap 'non-profiled nmethods': size=120032Kb used=4927Kb max_used=4927Kb free=115105Kb
 bounds [0x00007f0404340000, 0x00007f0404810000, 0x00007f040b878000]
CodeHeap 'profiled nmethods': size=120032Kb used=15235Kb max_used=15235Kb free=104796Kb
 bounds [0x00007f03fce08000, 0x00007f03fdcf8000, 0x00007f0404340000]
CodeHeap 'non-nmethods': size=5696Kb used=1297Kb max_used=1367Kb free=4398Kb
 bounds [0x00007f03fc878000, 0x00007f03fcae8000, 0x00007f03fce08000]
 total_blobs=7405 nmethods=6801 adapters=523
 compilation: enabled
              stopped_count=0, restarted_count=0
 full_count=0

Compilation events (20 events):
Event: 1829,355 Thread 0x00007f0414139000 nmethod 7083 0x00007f03fdce3010 code [0x00007f03fdce3200, 0x00007f03fdce3610]
Event: 1829,355 Thread 0x00007f0414139000 7081       3       java.security.Provider$Service::supportsParameter (147 bytes)
Event: 1829,358 Thread 0x00007f0414139000 nmethod 7081 0x00007f03fdce3790 code [0x00007f03fdce3b80, 0x00007f03fdce5590]
Event: 1829,369 Thread 0x00007f0414136800 nmethod 7073 0x00007f040480d490 code [0x00007f040480d640, 0x00007f040480e558]
Event: 1829,369 Thread 0x00007f0414136800 7077       4       java.util.StringTokenizer::skipDelimiters (116 bytes)
Event: 1829,380 Thread 0x00007f0414136800 nmethod 7077 0x00007f040480e810 code [0x00007f040480e9e0, 0x00007f040480ef48]
Event: 1829,380 Thread 0x00007f0414136800 7085       4       java.lang.Integer::hashCode (8 bytes)
Event: 1829,380 Thread 0x00007f0414136800 nmethod 7085 0x00007f040480f390 code [0x00007f040480f520, 0x00007f040480f598]
Event: 1835,471 Thread 0x00007f0414139000 7087       3       java.util.TreeMap::put (247 bytes)
Event: 1835,474 Thread 0x00007f0414139000 nmethod 7087 0x00007f03fdce5d90 code [0x00007f03fdce6080, 0x00007f03fdce74f0]
Event: 1921,288 Thread 0x00007f0414139000 7088       1       com.zaxxer.hikari.pool.HikariPool::access$400 (5 bytes)
Event: 1921,288 Thread 0x00007f0414139000 nmethod 7088 0x00007f040480f610 code [0x00007f040480f7c0, 0x00007f040480f850]
Event: 2215,488 Thread 0x00007f0414139000 7089       3       java.util.TreeSet::iterator (15 bytes)
Event: 2215,488 Thread 0x00007f0414139000 nmethod 7089 0x00007f03fdce7b10 code [0x00007f03fdce7ce0, 0x00007f03fdce7f90]
Event: 2215,488 Thread 0x00007f0414139000 7090       3       java.util.TreeMap::navigableKeySet (27 bytes)
Event: 2215,489 Thread 0x00007f0414139000 nmethod 7090 0x00007f03fdce8090 code [0x00007f03fdce8260, 0x00007f03fdce8670]
Event: 2265,490 Thread 0x00007f0414139000 7091       3       java.util.TreeMap::<init> (20 bytes)
Event: 2265,490 Thread 0x00007f0414139000 nmethod 7091 0x00007f03fdce8810 code [0x00007f03fdce89c0, 0x00007f03fdce8bf0]
Event: 2401,293 Thread 0x00007f0414136800 7092       4       java.util.concurrent.CopyOnWriteArrayList::size (6 bytes)
Event: 2401,295 Thread 0x00007f0414136800 nmethod 7092 0x00007f040480f910 code [0x00007f040480faa0, 0x00007f040480fb58]

GC Heap History (20 events):
Event: 30,817 GC heap before
{Heap before GC invocations=25 (full 0):
 garbage-first heap   total 103424K, used 78452K [0x00000000c3c00000, 0x0000000100000000)
  region size 1024K, 52 young (53248K), 2 survivors (2048K)
 Metaspace       used 44269K, capacity 45623K, committed 46076K, reserved 1089536K
  class space    used 5636K, capacity 6141K, committed 6220K, reserved 1048576K
}
Event: 30,828 GC heap after
{Heap after GC invocations=26 (full 0):
 garbage-first heap   total 103424K, used 28114K [0x00000000c3c00000, 0x0000000100000000)
  region size 1024K, 3 young (3072K), 3 survivors (3072K)
 Metaspace       used 44269K, capacity 45623K, committed 46076K, reserved 1089536K
  class space    used 5636K, capacity 6141K, committed 6220K, reserved 1048576K
}
Event: 31,959 GC heap before
{Heap before GC invocations=26 (full 0):
 garbage-first heap   total 103424K, used 79314K [0x00000000c3c00000, 0x0000000100000000)
  region size 1024K, 53 young (54272K), 3 survivors (3072K)
 Metaspace       used 47202K, capacity 48474K, committed 48764K, reserved 1091584K
  class space    used 6019K, capacity 6534K, committed 6604K, reserved 1048576K
}
Event: 31,972 GC heap after
{Heap after GC invocations=27 (full 0):
 garbage-first heap   total 103424K, used 29311K [0x00000000c3c00000, 0x0000000100000000)
  region size 1024K, 4 young (4096K), 4 survivors (4096K)
 Metaspace       used 47202K, capacity 48474K, committed 48764K, reserved 1091584K
  class space    used 6019K, capacity 6534K, committed 6604K, reserved 1048576K
}
Event: 32,756 GC heap before
{Heap before GC invocations=27 (full 0):
 garbage-first heap   total 103424K, used 80511K [0x00000000c3c00000, 0x0000000100000000)
  region size 1024K, 54 young (55296K), 4 survivors (4096K)
 Metaspace       used 50209K, capacity 51489K, committed 51964K, reserved 1093632K
  class space    used 6404K, capacity 6942K, committed 6988K, reserved 1048576K
}
Event: 32,771 GC heap after
{Heap after GC invocations=28 (full 0):
 garbage-first heap   total 103424K, used 30449K [0x00000000c3c00000, 0x0000000100000000)
  region size 1024K, 5 young (5120K), 5 survivors (5120K)
 Metaspace       used 50209K, capacity 51489K, committed 51964K, reserved 1093632K
  class space    used 6404K, capacity 6942K, committed 6988K, reserved 1048576K
}
Event: 33,642 GC heap before
{Heap before GC invocations=28 (full 0):
 garbage-first heap   total 103424K, used 81649K [0x00000000c3c00000, 0x0000000100000000)
  region size 1024K, 55 young (56320K), 5 survivors (5120K)
 Metaspace       used 53811K, capacity 55137K, committed 55676K, reserved 1097728K
  class space    used 6991K, capacity 7512K, committed 7628K, reserved 1048576K
}
Event: 33,657 GC heap after
{Heap after GC invocations=29 (full 0):
 garbage-first heap   total 103424K, used 30999K [0x00000000c3c00000, 0x0000000100000000)
  region size 1024K, 4 young (4096K), 4 survivors (4096K)
 Metaspace       used 53811K, capacity 55137K, committed 55676K, reserved 1097728K
  class space    used 6991K, capacity 7512K, committed 7628K, reserved 1048576K
}
Event: 37,180 GC heap before
{Heap before GC invocations=29 (full 0):
 garbage-first heap   total 103424K, used 83223K [0x00000000c3c00000, 0x0000000100000000)
  region size 1024K, 55 young (56320K), 4 survivors (4096K)
 Metaspace       used 56811K, capacity 58172K, committed 58620K, reserved 1099776K
  class space    used 7364K, capacity 7905K, committed 8012K, reserved 1048576K
}
Event: 37,197 GC heap after
{Heap after GC invocations=30 (full 0):
 garbage-first heap   total 103424K, used 32089K [0x00000000c3c00000, 0x0000000100000000)
  region size 1024K, 5 young (5120K), 5 survivors (5120K)
 Metaspace       used 56811K, capacity 58172K, committed 58620K, reserved 1099776K
  class space    used 7364K, capacity 7905K, committed 8012K, reserved 1048576K
}
Event: 37,863 GC heap before
{Heap before GC invocations=30 (full 0):
 garbage-first heap   total 103424K, used 64857K [0x00000000c3c00000, 0x0000000100000000)
  region size 1024K, 38 young (38912K), 5 survivors (5120K)
 Metaspace       used 58758K, capacity 60291K, committed 60368K, reserved 1101824K
  class space    used 7649K, capacity 8247K, committed 8268K, reserved 1048576K
}
Event: 37,881 GC heap after
{Heap after GC invocations=31 (full 0):
 garbage-first heap   total 103424K, used 32793K [0x00000000c3c00000, 0x0000000100000000)
  region size 1024K, 4 young (4096K), 4 survivors (4096K)
 Metaspace       used 58758K, capacity 60291K, committed 60368K, reserved 1101824K
  class space    used 7649K, capacity 8247K, committed 8268K, reserved 1048576K
}
Event: 39,393 GC heap before
{Heap before GC invocations=32 (full 0):
 garbage-first heap   total 103424K, used 77849K [0x00000000c3c00000, 0x0000000100000000)
  region size 1024K, 48 young (49152K), 4 survivors (4096K)
 Metaspace       used 60890K, capacity 62524K, committed 62876K, reserved 1103872K
  class space    used 7924K, capacity 8603K, committed 8728K, reserved 1048576K
}
Event: 39,409 GC heap after
{Heap after GC invocations=33 (full 0):
 garbage-first heap   total 103424K, used 34187K [0x00000000c3c00000, 0x0000000100000000)
  region size 1024K, 4 young (4096K), 4 survivors (4096K)
 Metaspace       used 60890K, capacity 62524K, committed 62876K, reserved 1103872K
  class space    used 7924K, capacity 8603K, committed 8728K, reserved 1048576K
}
Event: 40,144 GC heap before
{Heap before GC invocations=33 (full 0):
 garbage-first heap   total 103424K, used 79243K [0x00000000c3c00000, 0x0000000100000000)
  region size 1024K, 48 young (49152K), 4 survivors (4096K)
 Metaspace       used 62082K, capacity 63779K, committed 64028K, reserved 1103872K
  class space    used 8060K, capacity 8715K, committed 8856K, reserved 1048576K
}
Event: 40,167 GC heap after
{Heap after GC invocations=34 (full 0):
 garbage-first heap   total 103424K, used 35233K [0x00000000c3c00000, 0x0000000100000000)
  region size 1024K, 4 young (4096K), 4 survivors (4096K)
 Metaspace       used 62082K, capacity 63779K, committed 64028K, reserved 1103872K
  class space    used 8060K, capacity 8715K, committed 8856K, reserved 1048576K
}
Event: 41,437 GC heap before
{Heap before GC invocations=34 (full 0):
 garbage-first heap   total 103424K, used 80289K [0x00000000c3c00000, 0x0000000100000000)
  region size 1024K, 48 young (49152K), 4 survivors (4096K)
 Metaspace       used 64096K, capacity 65827K, committed 66076K, reserved 1105920K
  class space    used 8333K, capacity 8992K, committed 9112K, reserved 1048576K
}
Event: 41,456 GC heap after
{Heap after GC invocations=35 (full 0):
 garbage-first heap   total 103424K, used 36070K [0x00000000c3c00000, 0x0000000100000000)
  region size 1024K, 4 young (4096K), 4 survivors (4096K)
 Metaspace       used 64096K, capacity 65827K, committed 66076K, reserved 1105920K
  class space    used 8333K, capacity 8992K, committed 9112K, reserved 1048576K
}
Event: 1825,435 GC heap before
{Heap before GC invocations=35 (full 0):
 garbage-first heap   total 103424K, used 82150K [0x00000000c3c00000, 0x0000000100000000)
  region size 1024K, 49 young (50176K), 4 survivors (4096K)
 Metaspace       used 65912K, capacity 67662K, committed 68124K, reserved 1107968K
  class space    used 8584K, capacity 9257K, committed 9368K, reserved 1048576K
}
Event: 1825,450 GC heap after
{Heap after GC invocations=36 (full 0):
 garbage-first heap   total 103424K, used 37189K [0x00000000c3c00000, 0x0000000100000000)
  region size 1024K, 5 young (5120K), 5 survivors (5120K)
 Metaspace       used 65912K, capacity 67662K, committed 68124K, reserved 1107968K
  class space    used 8584K, capacity 9257K, committed 9368K, reserved 1048576K
}

Deoptimization events (20 events):
Event: 1829,312 Thread 0x00007f0384004000 DEOPT PACKING pc=0x00007f03fdcb0154 sp=0x00007f039dd1df60
Event: 1829,312 Thread 0x00007f0384004000 DEOPT UNPACKING pc=0x00007f03fc8aec4a sp=0x00007f039dd1d4f0 mode 1
Event: 1829,312 Thread 0x00007f0384004000 DEOPT PACKING pc=0x00007f03fdcae514 sp=0x00007f039dd1e0a0
Event: 1829,312 Thread 0x00007f0384004000 DEOPT UNPACKING pc=0x00007f03fc8aec4a sp=0x00007f039dd1d5d0 mode 1
Event: 1829,319 Thread 0x00007f0384003800 DEOPT PACKING pc=0x00007f03fd7f7586 sp=0x00007f039ca1bd10
Event: 1829,319 Thread 0x00007f0384003800 DEOPT UNPACKING pc=0x00007f03fc8aec4a sp=0x00007f039ca1b1a8 mode 0
Event: 1829,330 Thread 0x00007f0384003800 DEOPT PACKING pc=0x00007f03fd9dc2e9 sp=0x00007f039ca1c710
Event: 1829,330 Thread 0x00007f0384003800 DEOPT UNPACKING pc=0x00007f03fc8aec4a sp=0x00007f039ca1bbe8 mode 1
Event: 1829,330 Thread 0x00007f0384003800 DEOPT PACKING pc=0x00007f03fd9dc2e9 sp=0x00007f039ca1c6f0
Event: 1829,330 Thread 0x00007f0384003800 DEOPT UNPACKING pc=0x00007f03fc8aec4a sp=0x00007f039ca1bbc8 mode 1
Event: 1829,331 Thread 0x00007f0384003800 DEOPT PACKING pc=0x00007f03fd80215c sp=0x00007f039ca1c420
Event: 1829,331 Thread 0x00007f0384003800 DEOPT UNPACKING pc=0x00007f03fc8aec4a sp=0x00007f039ca1b9e0 mode 1
Event: 1829,333 Thread 0x00007f0384003800 DEOPT PACKING pc=0x00007f03fd9dc2e9 sp=0x00007f039ca1c7c0
Event: 1829,333 Thread 0x00007f0384003800 DEOPT UNPACKING pc=0x00007f03fc8aec4a sp=0x00007f039ca1bc98 mode 1
Event: 1829,333 Thread 0x00007f0384003800 DEOPT PACKING pc=0x00007f03fd9dc2e9 sp=0x00007f039ca1c600
Event: 1829,333 Thread 0x00007f0384003800 DEOPT UNPACKING pc=0x00007f03fc8aec4a sp=0x00007f039ca1bad8 mode 1
Event: 1829,336 Thread 0x00007f0384003800 DEOPT PACKING pc=0x00007f03fd42271c sp=0x00007f039ca1c810
Event: 1829,336 Thread 0x00007f0384003800 DEOPT UNPACKING pc=0x00007f03fc8aec4a sp=0x00007f039ca1bd20 mode 1
Event: 1829,336 Thread 0x00007f0384003800 DEOPT PACKING pc=0x00007f03fd9af5a4 sp=0x00007f039ca1c8e0
Event: 1829,336 Thread 0x00007f0384003800 DEOPT UNPACKING pc=0x00007f03fc8aec4a sp=0x00007f039ca1beb8 mode 1

Classes redefined (1 events):
Event: 633,136 Thread 0x00007f0414128000 redefined class name=br.ufc.mandacaru.aula.utils.OpenApiConfig, count=1

Internal exceptions (20 events):
Event: 40,666 Thread 0x00007f03ac007000 Exception <a 'java/lang/ClassNotFoundException'{0x00000000c8ed8480}: org/springframework/security/config/annotation/web/WebSecurityConfigurerCustomizer> (0x00000000c8ed8480) thrown at [src/hotspot/share/classfile/systemDictionary.cpp, line 231]
Event: 40,667 Thread 0x00007f03ac007000 Exception <a 'java/lang/ClassNotFoundException'{0x00000000c8ef9438}: org/springframework/security/config/annotation/SecurityConfigurerCustomizer> (0x00000000c8ef9438) thrown at [src/hotspot/share/classfile/systemDictionary.cpp, line 231]
Event: 40,951 Thread 0x00007f03ac007000 Exception <a 'java/lang/ClassNotFoundException'{0x00000000c8b992b8}: java/lang/ObjectCustomizer> (0x00000000c8b992b8) thrown at [src/hotspot/share/classfile/systemDictionary.cpp, line 231]
Event: 40,952 Thread 0x00007f03ac007000 Exception <a 'java/lang/ClassNotFoundException'{0x00000000c8bc3c90}: org/springframework/security/config/annotation/web/configuration/WebSecurityConfigurerAdapterCustomizer> (0x00000000c8bc3c90) thrown at [src/hotspot/share/classfile/systemDictionary.cpp, line 231]
Event: 40,954 Thread 0x00007f03ac007000 Exception <a 'java/lang/ClassNotFoundException'{0x00000000c8bf48d0}: org/springframework/security/oauth2/config/annotation/web/configuration/ResourceServerConfigurationCustomizer> (0x00000000c8bf48d0) thrown at [src/hotspot/share/classfile/systemDictionary.cpp, line 231]
Event: 40,955 Thread 0x00007f03ac007000 Exception <a 'java/lang/ClassNotFoundException'{0x00000000c8a2c2c8}: org/springframework/security/oauth2/config/annotation/web/configuration/ResourceServerConfiguration$$EnhancerBySpringCGLIB$$db97e154Customizer> (0x00000000c8a2c2c8) thrown at [src/hotspot/share/classfile/systemDictionary.cpp, line 231]
Event: 40,957 Thread 0x00007f03ac007000 Exception <a 'java/lang/ClassNotFoundException'{0x00000000c8a61b50}: org/springframework/context/annotation/ConfigurationClassEnhancer$EnhancedConfigurationCustomizer> (0x00000000c8a61b50) thrown at [src/hotspot/share/classfile/systemDictionary.cpp, line 231]
Event: 40,958 Thread 0x00007f03ac007000 Exception <a 'java/lang/ClassNotFoundException'{0x00000000c8a7ece0}: org/springframework/beans/factory/BeanFactoryAwareCustomizer> (0x00000000c8a7ece0) thrown at [src/hotspot/share/classfile/systemDictionary.cpp, line 231]
Event: 40,959 Thread 0x00007f03ac007000 Exception <a 'java/lang/ClassNotFoundException'{0x00000000c8a9a3f0}: org/springframework/beans/factory/AwareCustomizer> (0x00000000c8a9a3f0) thrown at [src/hotspot/share/classfile/systemDictionary.cpp, line 231]
Event: 40,959 Thread 0x00007f03ac007000 Exception <a 'java/lang/ClassNotFoundException'{0x00000000c8ab2e98}: org/springframework/core/OrderedCustomizer> (0x00000000c8ab2e98) thrown at [src/hotspot/share/classfile/systemDictionary.cpp, line 231]
Event: 40,960 Thread 0x00007f03ac007000 Exception <a 'java/lang/ClassNotFoundException'{0x00000000c8ad5f28}: org/springframework/security/config/annotation/web/WebSecurityConfigurerCustomizer> (0x00000000c8ad5f28) thrown at [src/hotspot/share/classfile/systemDictionary.cpp, line 231]
Event: 40,961 Thread 0x00007f03ac007000 Exception <a 'java/lang/ClassNotFoundException'{0x00000000c8af6ee0}: org/springframework/security/config/annotation/SecurityConfigurerCustomizer> (0x00000000c8af6ee0) thrown at [src/hotspot/share/classfile/systemDictionary.cpp, line 231]
Event: 40,994 Thread 0x00007f03ac007000 Exception <a 'java/lang/ClassNotFoundException'{0x00000000c885a648}: java/lang/ObjectCustomizer> (0x00000000c885a648) thrown at [src/hotspot/share/classfile/systemDictionary.cpp, line 231]
Event: 40,996 Thread 0x00007f03ac007000 Exception <a 'java/lang/ClassNotFoundException'{0x00000000c8884550}: org/springframework/security/config/annotation/web/configuration/WebSecurityConfigurationCustomizer> (0x00000000c8884550) thrown at [src/hotspot/share/classfile/systemDictionary.cpp, line 231]
Event: 40,999 Thread 0x00007f03ac007000 Exception <a 'java/lang/ClassNotFoundException'{0x00000000c88aa0f0}: org/springframework/context/annotation/ImportAwareCustomizer> (0x00000000c88aa0f0) thrown at [src/hotspot/share/classfile/systemDictionary.cpp, line 231]
Event: 41,000 Thread 0x00007f03ac007000 Exception <a 'java/lang/ClassNotFoundException'{0x00000000c88c50a8}: org/springframework/beans/factory/AwareCustomizer> (0x00000000c88c50a8) thrown at [src/hotspot/share/classfile/systemDictionary.cpp, line 231]
Event: 41,000 Thread 0x00007f03ac007000 Exception <a 'java/lang/ClassNotFoundException'{0x00000000c88e2ec8}: org/springframework/beans/factory/BeanClassLoaderAwareCustomizer> (0x00000000c88e2ec8) thrown at [src/hotspot/share/classfile/systemDictionary.cpp, line 231]
Event: 41,001 Thread 0x00007f03ac007000 Exception <a 'java/lang/ClassNotFoundException'{0x00000000c88fde90}: org/springframework/beans/factory/AwareCustomizer> (0x00000000c88fde90) thrown at [src/hotspot/share/classfile/systemDictionary.cpp, line 231]
Event: 41,504 Thread 0x00007f03ac007000 Exception <a 'java/lang/NullPointerException'{0x00000000c9b70c30}> (0x00000000c9b70c30) thrown at [src/hotspot/share/interpreter/linkResolver.cpp, line 1440]
Event: 1829,312 Thread 0x00007f0384004000 Exception <a 'java/net/SocketException'{0x00000000c9dfe0b0}> (0x00000000c9dfe0b0) thrown at [src/hotspot/share/prims/jni.cpp, line 615]

Events (20 events):
Event: 2432,691 Executing nested VM operation: Deoptimize done
Event: 2432,691 Executing VM operation: EnterInterpOnlyMode done
Event: 2432,691 Executing VM operation: ChangeSingleStep
Event: 2432,691 Executing VM operation: ChangeSingleStep done
Event: 2432,692 Executing VM operation: UpdateForPopTopFrame
Event: 2432,692 Executing VM operation: UpdateForPopTopFrame done
Event: 2432,692 Executing VM operation: ChangeSingleStep
Event: 2432,692 Executing VM operation: ChangeSingleStep done
Event: 2432,692 Executing VM operation: GetFrameCount
Event: 2432,692 Executing VM operation: GetFrameCount done
Event: 2432,692 Executing VM operation: GetStackTrace
Event: 2432,692 Executing VM operation: GetStackTrace done
Event: 2433,791 Executing VM operation: GetFrameCount
Event: 2433,791 Executing VM operation: GetFrameCount done
Event: 2433,791 Executing VM operation: GetOwnedMonitorInfo
Event: 2433,792 Executing VM operation: GetOwnedMonitorInfo done
Event: 2433,792 Executing VM operation: GetCurrentContendedMonitor
Event: 2433,792 Executing VM operation: GetCurrentContendedMonitor done
Event: 2439,300 Thread 0x00007f03b8001800 Thread exited: 0x00007f03b8001800
Event: 2439,422 loading class jdk/internal/misc/Signal$1


Dynamic libraries:
c3c00000-c9f00000 rw-p 00000000 00:00 0 
c9f00000-ffe00000 ---p 00000000 00:00 0 
ffe00000-ffe47000 rw-p 0110f000 08:0e 393953                             /usr/lib/jvm/java-11-openjdk-amd64/lib/server/classes.jsa
ffe47000-fff00000 rw-p 00000000 00:00 0 
fff00000-fff6b000 rw-p 010a4000 08:0e 393953                             /usr/lib/jvm/java-11-openjdk-amd64/lib/server/classes.jsa
fff6b000-100000000 rw-p 00000000 00:00 0 
800000000-800002000 rwxp 00001000 08:0e 393953                           /usr/lib/jvm/java-11-openjdk-amd64/lib/server/classes.jsa
800002000-8010a3000 rw-p 00003000 08:0e 393953                           /usr/lib/jvm/java-11-openjdk-amd64/lib/server/classes.jsa
840000000-840926000 rw-p 00000000 00:00 0 
840926000-880000000 ---p 00000000 00:00 0 
56398f731000-56398f732000 r--p 00000000 08:0e 393692                     /usr/lib/jvm/java-11-openjdk-amd64/bin/java
56398f732000-56398f733000 r-xp 00001000 08:0e 393692                     /usr/lib/jvm/java-11-openjdk-amd64/bin/java
56398f733000-56398f734000 r--p 00002000 08:0e 393692                     /usr/lib/jvm/java-11-openjdk-amd64/bin/java
56398f734000-56398f735000 r--p 00002000 08:0e 393692                     /usr/lib/jvm/java-11-openjdk-amd64/bin/java
56398f735000-56398f736000 rw-p 00003000 08:0e 393692                     /usr/lib/jvm/java-11-openjdk-amd64/bin/java
563990f74000-563990f95000 rw-p 00000000 00:00 0                          [heap]
7f037c000000-7f037c03c000 rw-p 00000000 00:00 0 
7f037c03c000-7f0380000000 ---p 00000000 00:00 0 
7f0384000000-7f0384021000 rw-p 00000000 00:00 0 
7f0384021000-7f0388000000 ---p 00000000 00:00 0 
7f0388000000-7f0388021000 rw-p 00000000 00:00 0 
7f0388021000-7f038c000000 ---p 00000000 00:00 0 
7f038c000000-7f038c021000 rw-p 00000000 00:00 0 
7f038c021000-7f0390000000 ---p 00000000 00:00 0 
7f0390000000-7f0390021000 rw-p 00000000 00:00 0 
7f0390021000-7f0394000000 ---p 00000000 00:00 0 
7f0394000000-7f03942f8000 rw-p 00000000 00:00 0 
7f03942f8000-7f0398000000 ---p 00000000 00:00 0 
7f0398000000-7f039803d000 rw-p 00000000 00:00 0 
7f039803d000-7f039c000000 ---p 00000000 00:00 0 
7f039c91e000-7f039c922000 ---p 00000000 00:00 0 
7f039c922000-7f039cb9f000 rw-p 00000000 00:00 0 
7f039cb9f000-7f039cc1f000 ---p 00000000 00:00 0 
7f039cc1f000-7f039ce1f000 rw-p 00000000 00:00 0 
7f039ce1f000-7f039d01f000 rw-p 00000000 00:00 0 
7f039d01f000-7f039d214000 rw-p 00000000 00:00 0 
7f039d214000-7f039d21f000 ---p 00000000 00:00 0 
7f039d21f000-7f039d41f000 rw-p 00000000 00:00 0 
7f039d41f000-7f039d61f000 rw-p 00000000 00:00 0 
7f039d61f000-7f039d81f000 rw-p 00000000 00:00 0 
7f039d81f000-7f039da1f000 rw-p 00000000 00:00 0 
7f039da1f000-7f039dc1f000 rw-p 00000000 00:00 0 
7f039dc1f000-7f039dc23000 ---p 00000000 00:00 0 
7f039dc23000-7f039dd20000 rw-p 00000000 00:00 0 
7f039dd20000-7f039dd24000 ---p 00000000 00:00 0 
7f039dd24000-7f039e021000 rw-p 00000000 00:00 0 
7f039e021000-7f039e221000 rw-p 00000000 00:00 0 
7f039e221000-7f039e421000 rw-p 00000000 00:00 0 
7f039e421000-7f039e621000 rw-p 00000000 00:00 0 
7f039e621000-7f039e821000 rw-p 00000000 00:00 0 
7f039e821000-7f039e825000 ---p 00000000 00:00 0 
7f039e825000-7f039e922000 rw-p 00000000 00:00 0 
7f039e922000-7f039e926000 ---p 00000000 00:00 0 
7f039e926000-7f039ec23000 rw-p 00000000 00:00 0 
7f039ec23000-7f039ee23000 rw-p 00000000 00:00 0 
7f039ee23000-7f039f023000 rw-p 00000000 00:00 0 
7f039f023000-7f039f223000 rw-p 00000000 00:00 0 
7f039f223000-7f039f423000 rw-p 00000000 00:00 0 
7f039f423000-7f039f60f000 rw-p 00000000 00:00 0 
7f039f60f000-7f039f623000 ---p 00000000 00:00 0 
7f039f623000-7f039f823000 rw-p 00000000 00:00 0 
7f039f823000-7f039fa23000 rw-p 00000000 00:00 0 
7f039fa23000-7f039fa27000 ---p 00000000 00:00 0 
7f039fa27000-7f039fb24000 rw-p 00000000 00:00 0 
7f039fc00000-7f039fe00000 rw-p 00000000 00:00 0 
7f039fe00000-7f03a0000000 rw-p 00000000 00:00 0 
7f03a0000000-7f03a1f9c000 rw-p 00000000 00:00 0 
7f03a1f9c000-7f03a4000000 ---p 00000000 00:00 0 
7f03a4000000-7f03a4021000 rw-p 00000000 00:00 0 
7f03a4021000-7f03a8000000 ---p 00000000 00:00 0 
7f03a8000000-7f03a8021000 rw-p 00000000 00:00 0 
7f03a8021000-7f03ac000000 ---p 00000000 00:00 0 
7f03ac000000-7f03ac021000 rw-p 00000000 00:00 0 
7f03ac021000-7f03b0000000 ---p 00000000 00:00 0 
7f03b0000000-7f03b0021000 rw-p 00000000 00:00 0 
7f03b0021000-7f03b4000000 ---p 00000000 00:00 0 
7f03b4000000-7f03b4021000 rw-p 00000000 00:00 0 
7f03b4021000-7f03b8000000 ---p 00000000 00:00 0 
7f03b8000000-7f03b8067000 rw-p 00000000 00:00 0 
7f03b8067000-7f03bc000000 ---p 00000000 00:00 0 
7f03bc000000-7f03bc021000 rw-p 00000000 00:00 0 
7f03bc021000-7f03c0000000 ---p 00000000 00:00 0 
7f03c0000000-7f03c0021000 rw-p 00000000 00:00 0 
7f03c0021000-7f03c4000000 ---p 00000000 00:00 0 
7f03c4000000-7f03c4021000 rw-p 00000000 00:00 0 
7f03c4021000-7f03c8000000 ---p 00000000 00:00 0 
7f03c8000000-7f03cbb70000 rw-p 00000000 00:00 0 
7f03cbb70000-7f03cc000000 ---p 00000000 00:00 0 
7f03cc000000-7f03cc9a1000 rw-p 00000000 00:00 0 
7f03cc9a1000-7f03d0000000 ---p 00000000 00:00 0 
7f03d0000000-7f03d0021000 rw-p 00000000 00:00 0 
7f03d0021000-7f03d4000000 ---p 00000000 00:00 0 
7f03d4000000-7f03d4021000 rw-p 00000000 00:00 0 
7f03d4021000-7f03d8000000 ---p 00000000 00:00 0 
7f03d8000000-7f03d8021000 rw-p 00000000 00:00 0 
7f03d8021000-7f03dc000000 ---p 00000000 00:00 0 
7f03dc000000-7f03dc021000 rw-p 00000000 00:00 0 
7f03dc021000-7f03e0000000 ---p 00000000 00:00 0 
7f03e0000000-7f03e0021000 rw-p 00000000 00:00 0 
7f03e0021000-7f03e4000000 ---p 00000000 00:00 0 
7f03e4000000-7f03e4110000 rw-p 00000000 00:00 0 
7f03e4110000-7f03e8000000 ---p 00000000 00:00 0 
7f03e8000000-7f03e8021000 rw-p 00000000 00:00 0 
7f03e8021000-7f03ec000000 ---p 00000000 00:00 0 
7f03ec07b000-7f03ec27b000 rw-p 00000000 00:00 0 
7f03ec27b000-7f03ec27c000 ---p 00000000 00:00 0 
7f03ec27c000-7f03ec37d000 rw-p 00000000 00:00 0 
7f03ec37d000-7f03ec37e000 ---p 00000000 00:00 0 
7f03ec37e000-7f03ec47f000 rw-p 00000000 00:00 0 
7f03ec47f000-7f03ec483000 ---p 00000000 00:00 0 
7f03ec483000-7f03ec580000 rw-p 00000000 00:00 0 
7f03ec580000-7f03ec584000 ---p 00000000 00:00 0 
7f03ec584000-7f03ec681000 rw-p 00000000 00:00 0 
7f03ec681000-7f03ec682000 ---p 00000000 00:00 0 
7f03ec682000-7f03ec783000 rw-p 00000000 00:00 0 
7f03ec783000-7f03ec784000 ---p 00000000 00:00 0 
7f03ec784000-7f03ec885000 rw-p 00000000 00:00 0 
7f03ec885000-7f03ec889000 ---p 00000000 00:00 0 
7f03ec889000-7f03ec986000 rw-p 00000000 00:00 0 
7f03ec986000-7f03ec98a000 ---p 00000000 00:00 0 
7f03ec98a000-7f03eca87000 rw-p 00000000 00:00 0 
7f03eca87000-7f03eca8b000 ---p 00000000 00:00 0 
7f03eca8b000-7f03ecb88000 rw-p 00000000 00:00 0 
7f03ecb88000-7f03ecb8c000 ---p 00000000 00:00 0 
7f03ecb8c000-7f03ecc89000 rw-p 00000000 00:00 0 
7f03ecc89000-7f03ecc8d000 ---p 00000000 00:00 0 
7f03ecc8d000-7f03ecd8a000 rw-p 00000000 00:00 0 
7f03ecd8a000-7f03ecd8e000 ---p 00000000 00:00 0 
7f03ecd8e000-7f03ece8b000 rw-p 00000000 00:00 0 
7f03ece8b000-7f03ece8f000 ---p 00000000 00:00 0 
7f03ece8f000-7f03ecf8c000 rw-p 00000000 00:00 0 
7f03ecf8c000-7f03ecf90000 ---p 00000000 00:00 0 
7f03ecf90000-7f03ed08d000 rw-p 00000000 00:00 0 
7f03ed08d000-7f03ed091000 ---p 00000000 00:00 0 
7f03ed091000-7f03ed18e000 rw-p 00000000 00:00 0 
7f03ed18e000-7f03ed6ff000 r--p 00000000 08:0e 269079                     /usr/lib/locale/locale-archive
7f03ed6ff000-7f03ed703000 ---p 00000000 00:00 0 
7f03ed703000-7f03f0000000 rw-p 00000000 00:00 0 
7f03f0000000-7f03f0021000 rw-p 00000000 00:00 0 
7f03f0021000-7f03f4000000 ---p 00000000 00:00 0 
7f03f4000000-7f03f4034000 rw-p 00000000 00:00 0 
7f03f4034000-7f03f8000000 ---p 00000000 00:00 0 
7f03f8000000-7f03f8021000 rw-p 00000000 00:00 0 
7f03f8021000-7f03fc000000 ---p 00000000 00:00 0 
7f03fc09d000-7f03fc09e000 r--p 00000000 08:0e 393911                     /usr/lib/jvm/java-11-openjdk-amd64/lib/libextnet.so
7f03fc09e000-7f03fc09f000 r-xp 00001000 08:0e 393911                     /usr/lib/jvm/java-11-openjdk-amd64/lib/libextnet.so
7f03fc09f000-7f03fc0a0000 r--p 00002000 08:0e 393911                     /usr/lib/jvm/java-11-openjdk-amd64/lib/libextnet.so
7f03fc0a0000-7f03fc0a1000 r--p 00002000 08:0e 393911                     /usr/lib/jvm/java-11-openjdk-amd64/lib/libextnet.so
7f03fc0a1000-7f03fc0a2000 rw-p 00003000 08:0e 393911                     /usr/lib/jvm/java-11-openjdk-amd64/lib/libextnet.so
7f03fc0a2000-7f03fc0aa000 r--p 00000000 08:0e 393937                     /usr/lib/jvm/java-11-openjdk-amd64/lib/libsunec.so
7f03fc0aa000-7f03fc0c3000 r-xp 00008000 08:0e 393937                     /usr/lib/jvm/java-11-openjdk-amd64/lib/libsunec.so
7f03fc0c3000-7f03fc0cd000 r--p 00021000 08:0e 393937                     /usr/lib/jvm/java-11-openjdk-amd64/lib/libsunec.so
7f03fc0cd000-7f03fc0ce000 ---p 0002b000 08:0e 393937                     /usr/lib/jvm/java-11-openjdk-amd64/lib/libsunec.so
7f03fc0ce000-7f03fc0d2000 r--p 0002b000 08:0e 393937                     /usr/lib/jvm/java-11-openjdk-amd64/lib/libsunec.so
7f03fc0d2000-7f03fc0d4000 rw-p 0002f000 08:0e 393937                     /usr/lib/jvm/java-11-openjdk-amd64/lib/libsunec.so
7f03fc0d4000-7f03fc0d8000 r--p 00000000 08:0e 393930                     /usr/lib/jvm/java-11-openjdk-amd64/lib/libnet.so
7f03fc0d8000-7f03fc0e7000 r-xp 00004000 08:0e 393930                     /usr/lib/jvm/java-11-openjdk-amd64/lib/libnet.so
7f03fc0e7000-7f03fc0eb000 r--p 00013000 08:0e 393930                     /usr/lib/jvm/java-11-openjdk-amd64/lib/libnet.so
7f03fc0eb000-7f03fc0ec000 r--p 00016000 08:0e 393930                     /usr/lib/jvm/java-11-openjdk-amd64/lib/libnet.so
7f03fc0ec000-7f03fc0ed000 rw-p 00017000 08:0e 393930                     /usr/lib/jvm/java-11-openjdk-amd64/lib/libnet.so
7f03fc0ed000-7f03fc0f1000 ---p 00000000 00:00 0 
7f03fc0f1000-7f03fc1ee000 rw-p 00000000 00:00 0 
7f03fc1ee000-7f03fc1ef000 ---p 00000000 00:00 0 
7f03fc1ef000-7f03fc371000 rw-p 00000000 00:00 0 
7f03fc371000-7f03fc372000 ---p 00000000 00:00 0 
7f03fc372000-7f03fc473000 rw-p 00000000 00:00 0 
7f03fc473000-7f03fc474000 ---p 00000000 00:00 0 
7f03fc474000-7f03fc878000 rw-p 00000000 00:00 0 
7f03fc878000-7f03fcae8000 rwxp 00000000 00:00 0 
7f03fcae8000-7f03fce08000 ---p 00000000 00:00 0 
7f03fce08000-7f03fdcf8000 rwxp 00000000 00:00 0 
7f03fdcf8000-7f0404340000 ---p 00000000 00:00 0 
7f0404340000-7f0404810000 rwxp 00000000 00:00 0 
7f0404810000-7f040b878000 ---p 00000000 00:00 0 
7f0414000000-7f0414975000 rw-p 00000000 00:00 0 
7f0414975000-7f0418000000 ---p 00000000 00:00 0 
7f0418004000-7f0418006000 r--p 00000000 08:0e 393928                     /usr/lib/jvm/java-11-openjdk-amd64/lib/libmanagement_ext.so
7f0418006000-7f0418009000 r-xp 00002000 08:0e 393928                     /usr/lib/jvm/java-11-openjdk-amd64/lib/libmanagement_ext.so
7f0418009000-7f041800a000 r--p 00005000 08:0e 393928                     /usr/lib/jvm/java-11-openjdk-amd64/lib/libmanagement_ext.so
7f041800a000-7f041800b000 ---p 00006000 08:0e 393928                     /usr/lib/jvm/java-11-openjdk-amd64/lib/libmanagement_ext.so
7f041800b000-7f041800c000 r--p 00006000 08:0e 393928                     /usr/lib/jvm/java-11-openjdk-amd64/lib/libmanagement_ext.so
7f041800c000-7f041800d000 rw-p 00007000 08:0e 393928                     /usr/lib/jvm/java-11-openjdk-amd64/lib/libmanagement_ext.so
7f041800d000-7f0418010000 r--p 00000000 08:0e 393926                     /usr/lib/jvm/java-11-openjdk-amd64/lib/libmanagement.so
7f0418010000-7f0418011000 r-xp 00003000 08:0e 393926                     /usr/lib/jvm/java-11-openjdk-amd64/lib/libmanagement.so
7f0418011000-7f0418012000 r--p 00004000 08:0e 393926                     /usr/lib/jvm/java-11-openjdk-amd64/lib/libmanagement.so
7f0418012000-7f0418013000 r--p 00004000 08:0e 393926                     /usr/lib/jvm/java-11-openjdk-amd64/lib/libmanagement.so
7f0418013000-7f0418014000 rw-p 00005000 08:0e 393926                     /usr/lib/jvm/java-11-openjdk-amd64/lib/libmanagement.so
7f0418014000-7f041801b000 r--p 00000000 08:0e 393931                     /usr/lib/jvm/java-11-openjdk-amd64/lib/libnio.so
7f041801b000-7f0418023000 r-xp 00007000 08:0e 393931                     /usr/lib/jvm/java-11-openjdk-amd64/lib/libnio.so
7f0418023000-7f0418026000 r--p 0000f000 08:0e 393931                     /usr/lib/jvm/java-11-openjdk-amd64/lib/libnio.so
7f0418026000-7f0418027000 r--p 00011000 08:0e 393931                     /usr/lib/jvm/java-11-openjdk-amd64/lib/libnio.so
7f0418027000-7f0418028000 rw-p 00012000 08:0e 393931                     /usr/lib/jvm/java-11-openjdk-amd64/lib/libnio.so
7f0418028000-7f041802a000 r--p 00000000 08:0e 393910                     /usr/lib/jvm/java-11-openjdk-amd64/lib/libdt_socket.so
7f041802a000-7f041802d000 r-xp 00002000 08:0e 393910                     /usr/lib/jvm/java-11-openjdk-amd64/lib/libdt_socket.so
7f041802d000-7f041802e000 r--p 00005000 08:0e 393910                     /usr/lib/jvm/java-11-openjdk-amd64/lib/libdt_socket.so
7f041802e000-7f041802f000 ---p 00006000 08:0e 393910                     /usr/lib/jvm/java-11-openjdk-amd64/lib/libdt_socket.so
7f041802f000-7f0418030000 r--p 00006000 08:0e 393910                     /usr/lib/jvm/java-11-openjdk-amd64/lib/libdt_socket.so
7f0418030000-7f0418031000 rw-p 00007000 08:0e 393910                     /usr/lib/jvm/java-11-openjdk-amd64/lib/libdt_socket.so
7f0418031000-7f0418038000 r--s 00000000 08:0e 958370                     /usr/lib/x86_64-linux-gnu/gconv/gconv-modules.cache
7f0418038000-7f0418194000 rw-p 00000000 00:00 0 
7f0418194000-7f0418195000 ---p 00000000 00:00 0 
7f0418195000-7f0418296000 rw-p 00000000 00:00 0 
7f0418296000-7f0418297000 ---p 00000000 00:00 0 
7f0418297000-7f0418545000 rw-p 00000000 00:00 0 
7f0418545000-7f04192c1000 ---p 00000000 00:00 0 
7f04192c1000-7f0419455000 rw-p 00000000 00:00 0 
7f0419455000-7f041a1d1000 ---p 00000000 00:00 0 
7f041a1d1000-7f041a20b000 rw-p 00000000 00:00 0 
7f041a20b000-7f041a3ba000 ---p 00000000 00:00 0 
7f041a3ba000-7f041a3ed000 rw-p 00000000 00:00 0 
7f041a3ed000-7f041a59c000 ---p 00000000 00:00 0 
7f041a59c000-7f041a5cf000 rw-p 00000000 00:00 0 
7f041a5cf000-7f041a77e000 ---p 00000000 00:00 0 
7f041a77e000-7f041ab83000 rw-p 00000000 00:00 0 
7f041ab83000-7f041ab84000 ---p 00000000 00:00 0 
7f041ab84000-7f041ac8f000 rw-p 00000000 00:00 0 
7f041ac8f000-7f041ad70000 ---p 00000000 00:00 0 
7f041ad70000-7f041ad8e000 rw-p 00000000 00:00 0 
7f041ad8e000-7f041ae5b000 ---p 00000000 00:00 0 
7f041ae5b000-7f041ae60000 rw-p 00000000 00:00 0 
7f041ae60000-7f041ae67000 ---p 00000000 00:00 0 
7f041ae67000-7f041ae6a000 r--p 00000000 08:0e 265787                     /usr/lib/x86_64-linux-gnu/libnss_files-2.31.so
7f041ae6a000-7f041ae71000 r-xp 00003000 08:0e 265787                     /usr/lib/x86_64-linux-gnu/libnss_files-2.31.so
7f041ae71000-7f041ae73000 r--p 0000a000 08:0e 265787                     /usr/lib/x86_64-linux-gnu/libnss_files-2.31.so
7f041ae73000-7f041ae74000 r--p 0000b000 08:0e 265787                     /usr/lib/x86_64-linux-gnu/libnss_files-2.31.so
7f041ae74000-7f041ae75000 rw-p 0000c000 08:0e 265787                     /usr/lib/x86_64-linux-gnu/libnss_files-2.31.so
7f041ae75000-7f041ae7b000 rw-p 00000000 00:00 0 
7f041ae7c000-7f041ae7e000 r--p 00000000 08:0e 393940                     /usr/lib/jvm/java-11-openjdk-amd64/lib/libzip.so
7f041ae7e000-7f041ae82000 r-xp 00002000 08:0e 393940                     /usr/lib/jvm/java-11-openjdk-amd64/lib/libzip.so
7f041ae82000-7f041ae84000 r--p 00006000 08:0e 393940                     /usr/lib/jvm/java-11-openjdk-amd64/lib/libzip.so
7f041ae84000-7f041ae85000 r--p 00007000 08:0e 393940                     /usr/lib/jvm/java-11-openjdk-amd64/lib/libzip.so
7f041ae85000-7f041ae86000 rw-p 00008000 08:0e 393940                     /usr/lib/jvm/java-11-openjdk-amd64/lib/libzip.so
7f041ae86000-7f041ae8e000 rw-s 00000000 08:0e 3545825                    /tmp/hsperfdata_user/5118
7f041ae8e000-7f041ae90000 r--p 00000000 08:0e 393913                     /usr/lib/jvm/java-11-openjdk-amd64/lib/libinstrument.so
7f041ae90000-7f041ae96000 r-xp 00002000 08:0e 393913                     /usr/lib/jvm/java-11-openjdk-amd64/lib/libinstrument.so
7f041ae96000-7f041ae99000 r--p 00008000 08:0e 393913                     /usr/lib/jvm/java-11-openjdk-amd64/lib/libinstrument.so
7f041ae99000-7f041ae9a000 r--p 0000a000 08:0e 393913                     /usr/lib/jvm/java-11-openjdk-amd64/lib/libinstrument.so
7f041ae9a000-7f041ae9b000 rw-p 0000b000 08:0e 393913                     /usr/lib/jvm/java-11-openjdk-amd64/lib/libinstrument.so
7f041ae9b000-7f041ae9d000 r--p 00000000 08:0e 393921                     /usr/lib/jvm/java-11-openjdk-amd64/lib/libjdwp.so
7f041ae9d000-7f041aec9000 r-xp 00002000 08:0e 393921                     /usr/lib/jvm/java-11-openjdk-amd64/lib/libjdwp.so
7f041aec9000-7f041aed7000 r--p 0002e000 08:0e 393921                     /usr/lib/jvm/java-11-openjdk-amd64/lib/libjdwp.so
7f041aed7000-7f041aed8000 r--p 0003b000 08:0e 393921                     /usr/lib/jvm/java-11-openjdk-amd64/lib/libjdwp.so
7f041aed8000-7f041aed9000 rw-p 0003c000 08:0e 393921                     /usr/lib/jvm/java-11-openjdk-amd64/lib/libjdwp.so
7f041aed9000-7f041aeda000 ---p 00000000 00:00 0 
7f041aeda000-7f041aedb000 r--p 00000000 00:00 0 
7f041aedb000-7f041aedd000 r--p 00000000 08:0e 393922                     /usr/lib/jvm/java-11-openjdk-amd64/lib/libjimage.so
7f041aedd000-7f041aee0000 r-xp 00002000 08:0e 393922                     /usr/lib/jvm/java-11-openjdk-amd64/lib/libjimage.so
7f041aee0000-7f041aee1000 r--p 00005000 08:0e 393922                     /usr/lib/jvm/java-11-openjdk-amd64/lib/libjimage.so
7f041aee1000-7f041aee2000 ---p 00006000 08:0e 393922                     /usr/lib/jvm/java-11-openjdk-amd64/lib/libjimage.so
7f041aee2000-7f041aee3000 r--p 00006000 08:0e 393922                     /usr/lib/jvm/java-11-openjdk-amd64/lib/libjimage.so
7f041aee3000-7f041aee4000 rw-p 00007000 08:0e 393922                     /usr/lib/jvm/java-11-openjdk-amd64/lib/libjimage.so
7f041aee4000-7f041aef2000 r--p 00000000 08:0e 393918                     /usr/lib/jvm/java-11-openjdk-amd64/lib/libjava.so
7f041aef2000-7f041af08000 r-xp 0000e000 08:0e 393918                     /usr/lib/jvm/java-11-openjdk-amd64/lib/libjava.so
7f041af08000-7f041af0f000 r--p 00024000 08:0e 393918                     /usr/lib/jvm/java-11-openjdk-amd64/lib/libjava.so
7f041af0f000-7f041af10000 r--p 0002a000 08:0e 393918                     /usr/lib/jvm/java-11-openjdk-amd64/lib/libjava.so
7f041af10000-7f041af11000 rw-p 0002b000 08:0e 393918                     /usr/lib/jvm/java-11-openjdk-amd64/lib/libjava.so
7f041af11000-7f041af12000 rw-p 00000000 00:00 0 
7f041af12000-7f041af14000 r--p 00000000 08:0e 265794                     /usr/lib/x86_64-linux-gnu/librt-2.31.so
7f041af14000-7f041af18000 r-xp 00002000 08:0e 265794                     /usr/lib/x86_64-linux-gnu/librt-2.31.so
7f041af18000-7f041af1a000 r--p 00006000 08:0e 265794                     /usr/lib/x86_64-linux-gnu/librt-2.31.so
7f041af1a000-7f041af1b000 r--p 00007000 08:0e 265794                     /usr/lib/x86_64-linux-gnu/librt-2.31.so
7f041af1b000-7f041af1c000 rw-p 00008000 08:0e 265794                     /usr/lib/x86_64-linux-gnu/librt-2.31.so
7f041af1c000-7f041af20000 ---p 00000000 00:00 0 
7f041af20000-7f041b01d000 rw-p 00000000 00:00 0 
7f041b01d000-7f041b020000 r--p 00000000 08:0e 270136                     /usr/lib/x86_64-linux-gnu/libgcc_s.so.1
7f041b020000-7f041b032000 r-xp 00003000 08:0e 270136                     /usr/lib/x86_64-linux-gnu/libgcc_s.so.1
7f041b032000-7f041b036000 r--p 00015000 08:0e 270136                     /usr/lib/x86_64-linux-gnu/libgcc_s.so.1
7f041b036000-7f041b037000 r--p 00018000 08:0e 270136                     /usr/lib/x86_64-linux-gnu/libgcc_s.so.1
7f041b037000-7f041b038000 rw-p 00019000 08:0e 270136                     /usr/lib/x86_64-linux-gnu/libgcc_s.so.1
7f041b038000-7f041b045000 r--p 00000000 08:0e 265781                     /usr/lib/x86_64-linux-gnu/libm-2.31.so
7f041b045000-7f041b0ec000 r-xp 0000d000 08:0e 265781                     /usr/lib/x86_64-linux-gnu/libm-2.31.so
7f041b0ec000-7f041b185000 r--p 000b4000 08:0e 265781                     /usr/lib/x86_64-linux-gnu/libm-2.31.so
7f041b185000-7f041b186000 r--p 0014c000 08:0e 265781                     /usr/lib/x86_64-linux-gnu/libm-2.31.so
7f041b186000-7f041b187000 rw-p 0014d000 08:0e 265781                     /usr/lib/x86_64-linux-gnu/libm-2.31.so
7f041b187000-7f041b21d000 r--p 00000000 08:0e 270936                     /usr/lib/x86_64-linux-gnu/libstdc++.so.6.0.28
7f041b21d000-7f041b30e000 r-xp 00096000 08:0e 270936                     /usr/lib/x86_64-linux-gnu/libstdc++.so.6.0.28
7f041b30e000-7f041b357000 r--p 00187000 08:0e 270936                     /usr/lib/x86_64-linux-gnu/libstdc++.so.6.0.28
7f041b357000-7f041b358000 ---p 001d0000 08:0e 270936                     /usr/lib/x86_64-linux-gnu/libstdc++.so.6.0.28
7f041b358000-7f041b363000 r--p 001d0000 08:0e 270936                     /usr/lib/x86_64-linux-gnu/libstdc++.so.6.0.28
7f041b363000-7f041b366000 rw-p 001db000 08:0e 270936                     /usr/lib/x86_64-linux-gnu/libstdc++.so.6.0.28
7f041b366000-7f041b369000 rw-p 00000000 00:00 0 
7f041b369000-7f041b5e3000 r--p 00000000 08:0e 393955                     /usr/lib/jvm/java-11-openjdk-amd64/lib/server/libjvm.so
7f041b5e3000-7f041c268000 r-xp 0027a000 08:0e 393955                     /usr/lib/jvm/java-11-openjdk-amd64/lib/server/libjvm.so
7f041c268000-7f041c4bf000 r--p 00eff000 08:0e 393955                     /usr/lib/jvm/java-11-openjdk-amd64/lib/server/libjvm.so
7f041c4bf000-7f041c580000 r--p 01155000 08:0e 393955                     /usr/lib/jvm/java-11-openjdk-amd64/lib/server/libjvm.so
7f041c580000-7f041c5bb000 rw-p 01216000 08:0e 393955                     /usr/lib/jvm/java-11-openjdk-amd64/lib/server/libjvm.so
7f041c5bb000-7f041c614000 rw-p 00000000 00:00 0 
7f041c614000-7f041c61a000 r--p 00000000 08:0e 265792                     /usr/lib/x86_64-linux-gnu/libpthread-2.31.so
7f041c61a000-7f041c62b000 r-xp 00006000 08:0e 265792                     /usr/lib/x86_64-linux-gnu/libpthread-2.31.so
7f041c62b000-7f041c631000 r--p 00017000 08:0e 265792                     /usr/lib/x86_64-linux-gnu/libpthread-2.31.so
7f041c631000-7f041c632000 r--p 0001c000 08:0e 265792                     /usr/lib/x86_64-linux-gnu/libpthread-2.31.so
7f041c632000-7f041c633000 rw-p 0001d000 08:0e 265792                     /usr/lib/x86_64-linux-gnu/libpthread-2.31.so
7f041c633000-7f041c637000 rw-p 00000000 00:00 0 
7f041c637000-7f041c638000 r--p 00000000 08:0e 265780                     /usr/lib/x86_64-linux-gnu/libdl-2.31.so
7f041c638000-7f041c63a000 r-xp 00001000 08:0e 265780                     /usr/lib/x86_64-linux-gnu/libdl-2.31.so
7f041c63a000-7f041c63b000 r--p 00003000 08:0e 265780                     /usr/lib/x86_64-linux-gnu/libdl-2.31.so
7f041c63b000-7f041c63c000 r--p 00003000 08:0e 265780                     /usr/lib/x86_64-linux-gnu/libdl-2.31.so
7f041c63c000-7f041c63d000 rw-p 00004000 08:0e 265780                     /usr/lib/x86_64-linux-gnu/libdl-2.31.so
7f041c63d000-7f041c63f000 r--p 00000000 08:0e 271232                     /usr/lib/x86_64-linux-gnu/libz.so.1.2.11
7f041c63f000-7f041c650000 r-xp 00002000 08:0e 271232                     /usr/lib/x86_64-linux-gnu/libz.so.1.2.11
7f041c650000-7f041c656000 r--p 00013000 08:0e 271232                     /usr/lib/x86_64-linux-gnu/libz.so.1.2.11
7f041c656000-7f041c657000 ---p 00019000 08:0e 271232                     /usr/lib/x86_64-linux-gnu/libz.so.1.2.11
7f041c657000-7f041c658000 r--p 00019000 08:0e 271232                     /usr/lib/x86_64-linux-gnu/libz.so.1.2.11
7f041c658000-7f041c659000 rw-p 0001a000 08:0e 271232                     /usr/lib/x86_64-linux-gnu/libz.so.1.2.11
7f041c659000-7f041c67b000 r--p 00000000 08:0e 265779                     /usr/lib/x86_64-linux-gnu/libc-2.31.so
7f041c67b000-7f041c7f3000 r-xp 00022000 08:0e 265779                     /usr/lib/x86_64-linux-gnu/libc-2.31.so
7f041c7f3000-7f041c841000 r--p 0019a000 08:0e 265779                     /usr/lib/x86_64-linux-gnu/libc-2.31.so
7f041c841000-7f041c845000 r--p 001e7000 08:0e 265779                     /usr/lib/x86_64-linux-gnu/libc-2.31.so
7f041c845000-7f041c847000 rw-p 001eb000 08:0e 265779                     /usr/lib/x86_64-linux-gnu/libc-2.31.so
7f041c847000-7f041c84b000 rw-p 00000000 00:00 0 
7f041c84c000-7f041c851000 r--p 00000000 08:0e 393939                     /usr/lib/jvm/java-11-openjdk-amd64/lib/libverify.so
7f041c851000-7f041c858000 r-xp 00005000 08:0e 393939                     /usr/lib/jvm/java-11-openjdk-amd64/lib/libverify.so
7f041c858000-7f041c85a000 r--p 0000c000 08:0e 393939                     /usr/lib/jvm/java-11-openjdk-amd64/lib/libverify.so
7f041c85a000-7f041c85b000 ---p 0000e000 08:0e 393939                     /usr/lib/jvm/java-11-openjdk-amd64/lib/libverify.so
7f041c85b000-7f041c85d000 r--p 0000e000 08:0e 393939                     /usr/lib/jvm/java-11-openjdk-amd64/lib/libverify.so
7f041c85d000-7f041c85e000 rw-p 00010000 08:0e 393939                     /usr/lib/jvm/java-11-openjdk-amd64/lib/libverify.so
7f041c85e000-7f041c861000 r--p 00000000 08:0e 393947                     /usr/lib/jvm/java-11-openjdk-amd64/lib/jli/libjli.so
7f041c861000-7f041c86b000 r-xp 00003000 08:0e 393947                     /usr/lib/jvm/java-11-openjdk-amd64/lib/jli/libjli.so
7f041c86b000-7f041c86e000 r--p 0000d000 08:0e 393947                     /usr/lib/jvm/java-11-openjdk-amd64/lib/jli/libjli.so
7f041c86e000-7f041c86f000 ---p 00010000 08:0e 393947                     /usr/lib/jvm/java-11-openjdk-amd64/lib/jli/libjli.so
7f041c86f000-7f041c870000 r--p 00010000 08:0e 393947                     /usr/lib/jvm/java-11-openjdk-amd64/lib/jli/libjli.so
7f041c870000-7f041c871000 rw-p 00011000 08:0e 393947                     /usr/lib/jvm/java-11-openjdk-amd64/lib/jli/libjli.so
7f041c871000-7f041c873000 rw-p 00000000 00:00 0 
7f041c873000-7f041c874000 r--p 00000000 08:0e 265678                     /usr/lib/x86_64-linux-gnu/ld-2.31.so
7f041c874000-7f041c897000 r-xp 00001000 08:0e 265678                     /usr/lib/x86_64-linux-gnu/ld-2.31.so
7f041c897000-7f041c89f000 r--p 00024000 08:0e 265678                     /usr/lib/x86_64-linux-gnu/ld-2.31.so
7f041c8a0000-7f041c8a1000 r--p 0002c000 08:0e 265678                     /usr/lib/x86_64-linux-gnu/ld-2.31.so
7f041c8a1000-7f041c8a2000 rw-p 0002d000 08:0e 265678                     /usr/lib/x86_64-linux-gnu/ld-2.31.so
7f041c8a2000-7f041c8a3000 rw-p 00000000 00:00 0 
7ffecfeb6000-7ffecfeda000 rw-p 00000000 00:00 0                          [stack]
7ffecfee5000-7ffecfee8000 r--p 00000000 00:00 0                          [vvar]
7ffecfee8000-7ffecfee9000 r-xp 00000000 00:00 0                          [vdso]
ffffffffff600000-ffffffffff601000 --xp 00000000 00:00 0                  [vsyscall]


VM Arguments:
jvm_args: -agentlib:jdwp=transport=dt_socket,suspend=y,address=localhost:36661 -javaagent:/home/user/eclipse/jee-2022-06/eclipse/configuration/org.eclipse.osgi/401/0/.cp/lib/javaagent-shaded.jar -Dfile.encoding=UTF-8 
java_command: br.ufc.mandacaru.aula.MandacaruApplicattion
java_class_path (initial): /home/user/Área de Trabalho/TOOLKIT MANDACARU/aula_springboot/target/test-classes:/home/user/Área de Trabalho/TOOLKIT MANDACARU/aula_springboot/target/classes:/home/user/.m2/repository/org/springframework/boot/spring-boot-starter-web/2.7.2/spring-boot-starter-web-2.7.2.jar:/home/user/.m2/repository/org/springframework/boot/spring-boot-starter/2.7.2/spring-boot-starter-2.7.2.jar:/home/user/.m2/repository/org/springframework/boot/spring-boot-starter-logging/2.7.2/spring-boot-starter-logging-2.7.2.jar:/home/user/.m2/repository/ch/qos/logback/logback-classic/1.2.11/logback-classic-1.2.11.jar:/home/user/.m2/repository/ch/qos/logback/logback-core/1.2.11/logback-core-1.2.11.jar:/home/user/.m2/repository/org/apache/logging/log4j/log4j-to-slf4j/2.17.2/log4j-to-slf4j-2.17.2.jar:/home/user/.m2/repository/org/apache/logging/log4j/log4j-api/2.17.2/log4j-api-2.17.2.jar:/home/user/.m2/repository/org/slf4j/jul-to-slf4j/1.7.36/jul-to-slf4j-1.7.36.jar:/home/user/.m2/repository/org/yaml/snakeyaml/1.30/snakeyaml-1.30.jar:/home/user/.m2/repository/org/springframework/boot/spring-boot-starter-json/2.7.2/spring-boot-starter-json-2.7.2.jar:/home/user/.m2/repository/com/fasterxml/jackson/datatype/jackson-datatype-jdk8/2.13.3/jackson-datatype-jdk8-2.13.3.jar:/home/user/.m2/repository/com/fasterxml/jackson/datatype/jackson-datatype-jsr310/2.13.3/jackson-datatype-jsr310-2.13.3.jar:/home/user/.m2/repository/com/fasterxml/jackson/module/jackson-module-parameter-names/2.13.3/jackson-module-parameter-names-2.13.3.jar:/home/user/.m2/repository/org/springframework/spring-web/5.3.22/spring-web-5.3.22.jar:/home/user/.m2/repository/org/springframework/spring-beans/5.3.22/spring-beans-5.3.22.jar:/home/user/.m2/repository/org/springframework/spring-webmvc/5.3.22/spring-webmvc-5.3.22.jar:/home/user/.m2/repository/org/springframework/spring-context/5.3.22/spring-context-5.3.22.jar:/home/user/.m2/repository/org/springframework/spring-expression/5.3.22/spring-expression-5.3.22.
Launcher Type: SUN_STANDARD

[Global flags]
     intx CICompilerCount                          = 3                                         {product} {ergonomic}
     uint ConcGCThreads                            = 1                                         {product} {ergonomic}
     uint G1ConcRefinementThreads                  = 4                                         {product} {ergonomic}
   size_t G1HeapRegionSize                         = 1048576                                   {product} {ergonomic}
    uintx GCDrainStackTargetSize                   = 64                                        {product} {ergonomic}
   size_t InitialHeapSize                          = 65011712                                  {product} {ergonomic}
   size_t MarkStackSize                            = 4194304                                   {product} {ergonomic}
   size_t MaxHeapSize                              = 1010827264                                {product} {ergonomic}
   size_t MaxNewSize                               = 606076928                                 {product} {ergonomic}
   size_t MinHeapDeltaBytes                        = 1048576                                   {product} {ergonomic}
    uintx NonNMethodCodeHeapSize                   = 5830732                                {pd product} {ergonomic}
    uintx NonProfiledCodeHeapSize                  = 122913754                              {pd product} {ergonomic}
    uintx ProfiledCodeHeapSize                     = 122913754                              {pd product} {ergonomic}
    uintx ReservedCodeCacheSize                    = 251658240                              {pd product} {ergonomic}
     bool SegmentedCodeCache                       = true                                      {product} {ergonomic}
     bool UseCompressedClassPointers               = true                                 {lp64_product} {ergonomic}
     bool UseCompressedOops                        = true                                 {lp64_product} {ergonomic}
     bool UseG1GC                                  = true                                      {product} {ergonomic}

Logging:
Log output configuration:
 #0: stdout all=warning uptime,level,tags
 #1: stderr all=off uptime,level,tags

Environment Variables:
PATH=/usr/local/sbin:/usr/local/bin:/usr/sbin:/usr/bin:/sbin:/bin:/usr/games:/usr/local/games:/snap/bin
SHELL=/bin/bash
DISPLAY=:0.0
LANG=pt_BR.UTF-8

Signal Handlers:
SIGSEGV: [libjvm.so+0xe8ba00], sa_mask[0]=11111111011111111101111111111110, sa_flags=SA_RESTART|SA_SIGINFO
SIGBUS: [libjvm.so+0xe8ba00], sa_mask[0]=11111111011111111101111111111110, sa_flags=SA_RESTART|SA_SIGINFO
SIGFPE: [libjvm.so+0xe8ba00], sa_mask[0]=11111111011111111101111111111110, sa_flags=SA_RESTART|SA_SIGINFO
SIGPIPE: [libjvm.so+0xbd10f0], sa_mask[0]=11111111011111111101111111111110, sa_flags=SA_RESTART|SA_SIGINFO
SIGXFSZ: [libjvm.so+0xbd10f0], sa_mask[0]=11111111011111111101111111111110, sa_flags=SA_RESTART|SA_SIGINFO
SIGILL: [libjvm.so+0xe8ba00], sa_mask[0]=11111111011111111101111111111110, sa_flags=SA_RESTART|SA_SIGINFO
SIGUSR2: [libjvm.so+0xbd0f90], sa_mask[0]=00100000000000000000000000000000, sa_flags=SA_RESTART|SA_SIGINFO
SIGHUP: [libjvm.so+0xbd1430], sa_mask[0]=11111111011111111101111111111110, sa_flags=SA_RESTART|SA_SIGINFO
SIGINT: [libjvm.so+0xbd1430], sa_mask[0]=11111111011111111101111111111110, sa_flags=SA_RESTART|SA_SIGINFO
SIGTERM: [libjvm.so+0xbd1430], sa_mask[0]=11111111011111111101111111111110, sa_flags=SA_RESTART|SA_SIGINFO
SIGQUIT: [libjvm.so+0xbd1430], sa_mask[0]=11111111011111111101111111111110, sa_flags=SA_RESTART|SA_SIGINFO


---------------  S Y S T E M  ---------------

OS:DISTRIB_ID=LinuxMint
DISTRIB_RELEASE=20.3
DISTRIB_CODENAME=una
DISTRIB_DESCRIPTION="Linux Mint 20.3 Una"
uname:Linux 5.4.0-91-generic #102-Ubuntu SMP Fri Nov 5 16:31:28 UTC 2021 x86_64
OS uptime: 0 days 1:01 hours
libc:glibc 2.31 NPTL 2.31 
rlimit (soft/hard): STACK 8192k/infinity , CORE 0k/infinity , NPROC 15055/15055 , NOFILE 1048576/1048576 , AS infinity/infinity , CPU infinity/infinity , DATA infinity/infinity , FSIZE infinity/infinity , MEMLOCK 65536k/65536k
load average:1,25 0,52 0,73

/proc/meminfo:
MemTotal:        3948212 kB
MemFree:          109824 kB
MemAvailable:     356584 kB
Buffers:           32392 kB
Cached:           669360 kB
SwapCached:        44988 kB
Active:          2705056 kB
Inactive:         836968 kB
Active(anon):    2457192 kB
Inactive(anon):   661728 kB
Active(file):     247864 kB
Inactive(file):   175240 kB
Unevictable:       28412 kB
Mlocked:             176 kB
SwapTotal:       1000444 kB
SwapFree:          66352 kB
Dirty:               368 kB
Writeback:             0 kB
AnonPages:       2824536 kB
Mapped:           366496 kB
Shmem:            278596 kB
KReclaimable:      60320 kB
Slab:             170532 kB
SReclaimable:      60320 kB
SUnreclaim:       110212 kB
KernelStack:       15648 kB
PageTables:        34744 kB
NFS_Unstable:          0 kB
Bounce:                0 kB
WritebackTmp:          0 kB
CommitLimit:     2974548 kB
Committed_AS:    9272172 kB
VmallocTotal:   34359738367 kB
VmallocUsed:       28872 kB
VmallocChunk:          0 kB
Percpu:             5152 kB
HardwareCorrupted:     0 kB
AnonHugePages:         0 kB
ShmemHugePages:        0 kB
ShmemPmdMapped:        0 kB
FileHugePages:         0 kB
FilePmdMapped:         0 kB
CmaTotal:              0 kB
CmaFree:               0 kB
HugePages_Total:       0
HugePages_Free:        0
HugePages_Rsvd:        0
HugePages_Surp:        0
Hugepagesize:       2048 kB
Hugetlb:               0 kB
DirectMap4k:      222656 kB
DirectMap2M:     3891200 kB
DirectMap1G:     1048576 kB

/sys/kernel/mm/transparent_hugepage/enabled:
always [madvise] never
/sys/kernel/mm/transparent_hugepage/defrag (defrag/compaction efforts parameter):
always defer defer+madvise [madvise] never

Process Memory:
Virtual Size: 4467660K (peak: 12379700K)
Resident Set Size: 326408K (peak: 334508K) (anon: 308076K, file: 18332K, shmem: 0K)
Swapped out: 0K
C-Heap outstanding allocations: 42282K

/proc/sys/kernel/threads-max (system-wide limit on the number of threads):
30111
/proc/sys/vm/max_map_count (maximum number of memory map areas a process may have):
65530
/proc/sys/kernel/pid_max (system-wide limit on number of process identifiers):
4194304

container (cgroup) information:
container_type: cgroupv1
cpu_cpuset_cpus: 0-3
cpu_memory_nodes: 0
active_processor_count: 4
cpu_quota: -1
cpu_period: 100000
cpu_shares: -1
memory_limit_in_bytes: -1
memory_and_swap_limit_in_bytes: -2
memory_soft_limit_in_bytes: -1
memory_usage_in_bytes: 3491667968
memory_max_usage_in_bytes: 3614310400

Steal ticks since vm start: 0
Steal ticks percentage since vm start:  0,000

CPU:total 4 (initial active 4) (2 cores per cpu, 2 threads per core) family 6 model 69 stepping 1 microcode 0x26, cmov, cx8, fxsr, mmx, sse, sse2, sse3, ssse3, sse4.1, sse4.2, popcnt, avx, avx2, aes, clmul, erms, lzcnt, ht, tsc, tscinvbit, bmi1, bmi2, fma
CPU Model and flags from /proc/cpuinfo:
model name	: Intel(R) Core(TM) i3-4005U CPU @ 1.70GHz
flags		: fpu vme de pse tsc msr pae mce cx8 apic sep mtrr pge mca cmov pat pse36 clflush dts acpi mmx fxsr sse sse2 ss ht tm pbe syscall nx pdpe1gb rdtscp lm constant_tsc arch_perfmon pebs bts rep_good nopl xtopology nonstop_tsc cpuid aperfmperf pni pclmulqdq dtes64 monitor ds_cpl vmx est tm2 ssse3 sdbg fma cx16 xtpr pdcm pcid sse4_1 sse4_2 movbe popcnt tsc_deadline_timer aes xsave avx f16c rdrand lahf_lm abm cpuid_fault epb invpcid_single pti ssbd ibrs ibpb stibp tpr_shadow vnmi flexpriority ept vpid ept_ad fsgsbase tsc_adjust bmi1 avx2 smep bmi2 erms invpcid xsaveopt dtherm arat pln pts md_clear flush_l1d
Online cpus:
0-3
Offline cpus:
4-7
BIOS frequency limitation:
<Not Available>
Frequency switch latency (ns):
0
Available cpu frequencies:
<Not Available>
Current governor:
powersave
Core performance/turbo boost:
<Not Available>

Memory: 4k page, physical 3948212k(109824k free), swap 1000444k(66352k free)

vm_info: OpenJDK 64-Bit Server VM (11.0.11+9-Ubuntu-0ubuntu2.20.04) for linux-amd64 JRE (11.0.11+9-Ubuntu-0ubuntu2.20.04), built on Apr 21 2021 09:15:32 by "unknown" with gcc 9.3.0

END.
